08:14:00.285 [SessionValidationThread-1] INFO  o.a.s.s.m.AbstractValidatingSessionManager - [validateSessions,275] - Validating all active sessions...
08:14:00.305 [SessionValidationThread-1] INFO  o.a.s.s.m.AbstractValidatingSessionManager - [validateSessions,308] - Finished session validation.  No sessions were stopped.
08:14:00.306 [SessionValidationThread-1] INFO  o.a.s.s.m.AbstractValidatingSessionManager - [validateSessions,275] - Validating all active sessions...
08:14:00.307 [SessionValidationThread-1] INFO  o.a.s.s.m.AbstractValidatingSessionManager - [validateSessions,308] - Finished session validation.  No sessions were stopped.
08:14:00.307 [SessionValidationThread-1] INFO  o.a.s.s.m.AbstractValidatingSessionManager - [validateSessions,275] - Validating all active sessions...
08:14:00.315 [SessionValidationThread-1] INFO  o.a.s.s.m.AbstractValidatingSessionManager - [validateSessions,308] - Finished session validation.  No sessions were stopped.
08:14:00.315 [SessionValidationThread-1] INFO  o.a.s.s.m.AbstractValidatingSessionManager - [validateSessions,275] - Validating all active sessions...
08:14:00.316 [SessionValidationThread-1] INFO  o.a.s.s.m.AbstractValidatingSessionManager - [validateSessions,308] - Finished session validation.  No sessions were stopped.
08:14:00.316 [SessionValidationThread-1] INFO  o.a.s.s.m.AbstractValidatingSessionManager - [validateSessions,275] - Validating all active sessions...
08:14:00.317 [SessionValidationThread-1] INFO  o.a.s.s.m.AbstractValidatingSessionManager - [validateSessions,308] - Finished session validation.  No sessions were stopped.
08:14:00.317 [SessionValidationThread-1] INFO  o.a.s.s.m.AbstractValidatingSessionManager - [validateSessions,275] - Validating all active sessions...
08:14:00.318 [SessionValidationThread-1] INFO  o.a.s.s.m.AbstractValidatingSessionManager - [validateSessions,308] - Finished session validation.  No sessions were stopped.
08:14:00.318 [SessionValidationThread-1] INFO  o.a.s.s.m.AbstractValidatingSessionManager - [validateSessions,275] - Validating all active sessions...
08:14:00.318 [SessionValidationThread-1] INFO  o.a.s.s.m.AbstractValidatingSessionManager - [validateSessions,308] - Finished session validation.  No sessions were stopped.
08:14:00.319 [SessionValidationThread-1] INFO  o.a.s.s.m.AbstractValidatingSessionManager - [validateSessions,275] - Validating all active sessions...
08:14:00.319 [SessionValidationThread-1] INFO  o.a.s.s.m.AbstractValidatingSessionManager - [validateSessions,308] - Finished session validation.  No sessions were stopped.
08:14:00.319 [SessionValidationThread-1] INFO  o.a.s.s.m.AbstractValidatingSessionManager - [validateSessions,275] - Validating all active sessions...
08:14:00.320 [SessionValidationThread-1] INFO  o.a.s.s.m.AbstractValidatingSessionManager - [validateSessions,308] - Finished session validation.  No sessions were stopped.
08:14:00.320 [SessionValidationThread-1] INFO  o.a.s.s.m.AbstractValidatingSessionManager - [validateSessions,275] - Validating all active sessions...
08:14:00.321 [SessionValidationThread-1] INFO  o.a.s.s.m.AbstractValidatingSessionManager - [validateSessions,308] - Finished session validation.  No sessions were stopped.
08:14:00.321 [SessionValidationThread-1] INFO  o.a.s.s.m.AbstractValidatingSessionManager - [validateSessions,275] - Validating all active sessions...
08:14:00.322 [SessionValidationThread-1] INFO  o.a.s.s.m.AbstractValidatingSessionManager - [validateSessions,308] - Finished session validation.  No sessions were stopped.
08:14:00.322 [SessionValidationThread-1] INFO  o.a.s.s.m.AbstractValidatingSessionManager - [validateSessions,275] - Validating all active sessions...
08:14:00.323 [SessionValidationThread-1] INFO  o.a.s.s.m.AbstractValidatingSessionManager - [validateSessions,308] - Finished session validation.  No sessions were stopped.
08:14:00.323 [SessionValidationThread-1] INFO  o.a.s.s.m.AbstractValidatingSessionManager - [validateSessions,275] - Validating all active sessions...
08:14:00.324 [SessionValidationThread-1] INFO  o.a.s.s.m.AbstractValidatingSessionManager - [validateSessions,308] - Finished session validation.  No sessions were stopped.
08:14:00.324 [SessionValidationThread-1] INFO  o.a.s.s.m.AbstractValidatingSessionManager - [validateSessions,275] - Validating all active sessions...
08:14:00.324 [SessionValidationThread-1] INFO  o.a.s.s.m.AbstractValidatingSessionManager - [validateSessions,308] - Finished session validation.  No sessions were stopped.
08:14:00.324 [SessionValidationThread-1] INFO  o.a.s.s.m.AbstractValidatingSessionManager - [validateSessions,275] - Validating all active sessions...
08:14:00.325 [SessionValidationThread-1] INFO  o.a.s.s.m.AbstractValidatingSessionManager - [validateSessions,308] - Finished session validation.  No sessions were stopped.
08:14:00.325 [SessionValidationThread-1] INFO  o.a.s.s.m.AbstractValidatingSessionManager - [validateSessions,275] - Validating all active sessions...
08:14:00.326 [SessionValidationThread-1] INFO  o.a.s.s.m.AbstractValidatingSessionManager - [validateSessions,308] - Finished session validation.  No sessions were stopped.
08:14:00.326 [SessionValidationThread-1] INFO  o.a.s.s.m.AbstractValidatingSessionManager - [validateSessions,275] - Validating all active sessions...
08:14:00.327 [SessionValidationThread-1] INFO  o.a.s.s.m.AbstractValidatingSessionManager - [validateSessions,308] - Finished session validation.  No sessions were stopped.
08:14:00.327 [SessionValidationThread-1] INFO  o.a.s.s.m.AbstractValidatingSessionManager - [validateSessions,275] - Validating all active sessions...
08:14:00.327 [SessionValidationThread-1] INFO  o.a.s.s.m.AbstractValidatingSessionManager - [validateSessions,308] - Finished session validation.  No sessions were stopped.
08:22:46.251 [SessionValidationThread-1] INFO  o.a.s.s.m.AbstractValidatingSessionManager - [validateSessions,275] - Validating all active sessions...
08:22:46.254 [SessionValidationThread-1] INFO  o.a.s.s.m.AbstractValidatingSessionManager - [validateSessions,308] - Finished session validation.  No sessions were stopped.
08:42:28.367 [pool-4-thread-1] INFO  sys-user - [run,108] - [127.0.0.1]内网IP[admin][Success][登录成功]
09:01:16.366 [main] INFO  c.u.UUSTOPApplication - [logStarting,50] - Starting UUSTOPApplication on SD-20200427RWHO with PID 20104 (D:\bbbb\ymgj\target\classes started by Administrator in D:\bbbb\ymgj)
09:01:16.372 [main] INFO  c.u.UUSTOPApplication - [logStartupProfileInfo,684] - The following profiles are active: dev
09:01:21.550 [main] INFO  o.a.c.h.Http11NioProtocol - [log,180] - Initializing ProtocolHandler ["http-nio-8080"]
09:01:21.573 [main] INFO  o.a.c.c.StandardService - [log,180] - Starting service [Tomcat]
09:01:21.574 [main] INFO  o.a.c.c.StandardEngine - [log,180] - Starting Servlet Engine: Apache Tomcat/8.5.34
09:01:21.581 [localhost-startStop-1] INFO  o.a.c.c.AprLifecycleListener - [log,180] - The APR based Apache Tomcat Native library which allows optimal performance in production environments was not found on the java.library.path: [D:\Program Files (x86)\jdk1.8\bin;C:\Windows\Sun\Java\bin;C:\Windows\system32;C:\Windows;C:\ProgramData\Oracle\Java\javapath;C:\Windows\system32;C:\Windows;C:\Windows\System32\Wbem;C:\Windows\System32\WindowsPowerShell\v1.0\;C:\Windows\System32\OpenSSH\;D:\Program Files (x86)\jdk1.8\bin;C:\Users\Administrator\AppData\Local\Microsoft\WindowsApps;;.]
09:01:21.845 [localhost-startStop-1] INFO  o.a.c.c.C.[.[.[/] - [log,180] - Initializing Spring embedded WebApplicationContext
09:01:24.802 [main] INFO  s.d.s.w.PropertySourcedRequestMappingHandlerMapping - [initHandlerMethods,69] - Mapped URL path [/v2/api-docs] onto method [public org.springframework.http.ResponseEntity<springfox.documentation.spring.web.json.Json> springfox.documentation.swagger2.web.Swagger2Controller.getDocumentation(java.lang.String,javax.servlet.http.HttpServletRequest)]
09:01:26.012 [main] INFO  i.l.c.EpollProvider - [info,101] - Starting without optional epoll library
09:01:26.014 [main] INFO  i.l.c.KqueueProvider - [info,101] - Starting without optional kqueue library
09:01:27.689 [main] INFO  s.d.s.w.p.DocumentationPluginsBootstrapper - [start,147] - Context refreshed
09:01:27.709 [main] INFO  s.d.s.w.p.DocumentationPluginsBootstrapper - [start,150] - Found 1 custom documentation plugin(s)
09:01:27.843 [main] INFO  s.d.s.w.s.ApiListingReferenceScanner - [scan,41] - Scanning for api listing references
09:01:28.258 [main] INFO  o.a.c.h.Http11NioProtocol - [log,180] - Starting ProtocolHandler ["http-nio-8080"]
09:01:28.260 [main] INFO  o.a.t.u.n.NioSelectorPool - [log,180] - Using a shared selector for servlet write/read
09:01:28.285 [main] INFO  c.u.UUSTOPApplication - [logStarted,59] - Started UUSTOPApplication in 12.286 seconds (JVM running for 13.974)
09:01:33.080 [http-nio-8080-exec-1] INFO  o.a.c.c.C.[.[.[/] - [log,180] - Initializing Spring FrameworkServlet 'dispatcherServlet'
09:01:33.144 [http-nio-8080-exec-1] INFO  o.a.s.s.m.AbstractValidatingSessionManager - [enableSessionValidation,233] - Enabling session validation scheduler...
09:01:33.358 [http-nio-8080-exec-1] INFO  c.a.d.p.DruidDataSource - [init,930] - {dataSource-1} inited
09:27:46.489 [main] INFO  c.u.UUSTOPApplication - [logStarting,50] - Starting UUSTOPApplication on SD-20200427RWHO with PID 7688 (D:\bbbb\ymgj\target\classes started by Administrator in D:\bbbb\ymgj)
09:27:46.493 [main] INFO  c.u.UUSTOPApplication - [logStartupProfileInfo,684] - The following profiles are active: dev
09:27:51.965 [main] INFO  o.a.c.h.Http11NioProtocol - [log,180] - Initializing ProtocolHandler ["http-nio-8080"]
09:27:51.980 [main] INFO  o.a.c.c.StandardService - [log,180] - Starting service [Tomcat]
09:27:51.981 [main] INFO  o.a.c.c.StandardEngine - [log,180] - Starting Servlet Engine: Apache Tomcat/8.5.34
09:27:51.987 [localhost-startStop-1] INFO  o.a.c.c.AprLifecycleListener - [log,180] - The APR based Apache Tomcat Native library which allows optimal performance in production environments was not found on the java.library.path: [D:\Program Files (x86)\jdk1.8\bin;C:\Windows\Sun\Java\bin;C:\Windows\system32;C:\Windows;C:\ProgramData\Oracle\Java\javapath;C:\Windows\system32;C:\Windows;C:\Windows\System32\Wbem;C:\Windows\System32\WindowsPowerShell\v1.0\;C:\Windows\System32\OpenSSH\;D:\Program Files (x86)\jdk1.8\bin;C:\Users\Administrator\AppData\Local\Microsoft\WindowsApps;;.]
09:27:52.193 [localhost-startStop-1] INFO  o.a.c.c.C.[.[.[/] - [log,180] - Initializing Spring embedded WebApplicationContext
09:27:55.224 [main] INFO  s.d.s.w.PropertySourcedRequestMappingHandlerMapping - [initHandlerMethods,69] - Mapped URL path [/v2/api-docs] onto method [public org.springframework.http.ResponseEntity<springfox.documentation.spring.web.json.Json> springfox.documentation.swagger2.web.Swagger2Controller.getDocumentation(java.lang.String,javax.servlet.http.HttpServletRequest)]
09:27:57.806 [main] INFO  i.l.c.EpollProvider - [info,101] - Starting without optional epoll library
09:27:57.824 [main] INFO  i.l.c.KqueueProvider - [info,101] - Starting without optional kqueue library
09:27:59.479 [main] INFO  s.d.s.w.p.DocumentationPluginsBootstrapper - [start,147] - Context refreshed
09:27:59.504 [main] INFO  s.d.s.w.p.DocumentationPluginsBootstrapper - [start,150] - Found 1 custom documentation plugin(s)
09:27:59.650 [main] INFO  s.d.s.w.s.ApiListingReferenceScanner - [scan,41] - Scanning for api listing references
09:28:00.026 [main] INFO  o.a.c.h.Http11NioProtocol - [log,180] - Starting ProtocolHandler ["http-nio-8080"]
09:28:00.027 [main] INFO  o.a.t.u.n.NioSelectorPool - [log,180] - Using a shared selector for servlet write/read
09:28:00.048 [main] INFO  c.u.UUSTOPApplication - [logStarted,59] - Started UUSTOPApplication in 13.978 seconds (JVM running for 15.89)
09:31:33.334 [main] INFO  c.u.UUSTOPApplication - [logStarting,50] - Starting UUSTOPApplication on SD-20200427RWHO with PID 7416 (D:\bbbb\ymgj\target\classes started by Administrator in D:\bbbb\ymgj)
09:31:33.338 [main] INFO  c.u.UUSTOPApplication - [logStartupProfileInfo,684] - The following profiles are active: dev
09:32:50.534 [main] INFO  c.u.UUSTOPApplication - [logStarting,50] - Starting UUSTOPApplication on SD-20200427RWHO with PID 20464 (D:\bbbb\ymgj\target\classes started by Administrator in D:\bbbb\ymgj)
09:32:50.541 [main] INFO  c.u.UUSTOPApplication - [logStartupProfileInfo,684] - The following profiles are active: dev
09:32:56.445 [main] INFO  o.a.c.h.Http11NioProtocol - [log,180] - Initializing ProtocolHandler ["http-nio-8080"]
09:32:56.456 [main] INFO  o.a.c.c.StandardService - [log,180] - Starting service [Tomcat]
09:32:56.456 [main] INFO  o.a.c.c.StandardEngine - [log,180] - Starting Servlet Engine: Apache Tomcat/8.5.34
09:32:56.459 [localhost-startStop-1] INFO  o.a.c.c.AprLifecycleListener - [log,180] - The APR based Apache Tomcat Native library which allows optimal performance in production environments was not found on the java.library.path: [D:\Program Files (x86)\jdk1.8\bin;C:\Windows\Sun\Java\bin;C:\Windows\system32;C:\Windows;C:\ProgramData\Oracle\Java\javapath;C:\Windows\system32;C:\Windows;C:\Windows\System32\Wbem;C:\Windows\System32\WindowsPowerShell\v1.0\;C:\Windows\System32\OpenSSH\;D:\Program Files (x86)\jdk1.8\bin;C:\Users\Administrator\AppData\Local\Microsoft\WindowsApps;;.]
09:32:56.653 [localhost-startStop-1] INFO  o.a.c.c.C.[.[.[/] - [log,180] - Initializing Spring embedded WebApplicationContext
09:32:59.634 [main] INFO  s.d.s.w.PropertySourcedRequestMappingHandlerMapping - [initHandlerMethods,69] - Mapped URL path [/v2/api-docs] onto method [public org.springframework.http.ResponseEntity<springfox.documentation.spring.web.json.Json> springfox.documentation.swagger2.web.Swagger2Controller.getDocumentation(java.lang.String,javax.servlet.http.HttpServletRequest)]
09:33:01.212 [main] INFO  i.l.c.EpollProvider - [info,101] - Starting without optional epoll library
09:33:01.214 [main] INFO  i.l.c.KqueueProvider - [info,101] - Starting without optional kqueue library
09:33:03.384 [main] INFO  s.d.s.w.p.DocumentationPluginsBootstrapper - [start,147] - Context refreshed
09:33:03.408 [main] INFO  s.d.s.w.p.DocumentationPluginsBootstrapper - [start,150] - Found 1 custom documentation plugin(s)
09:33:03.615 [main] INFO  s.d.s.w.s.ApiListingReferenceScanner - [scan,41] - Scanning for api listing references
09:33:03.721 [main] INFO  o.a.c.h.Http11NioProtocol - [log,180] - Starting ProtocolHandler ["http-nio-8080"]
09:33:03.723 [main] INFO  o.a.t.u.n.NioSelectorPool - [log,180] - Using a shared selector for servlet write/read
09:33:03.748 [main] INFO  c.u.UUSTOPApplication - [logStarted,59] - Started UUSTOPApplication in 13.895 seconds (JVM running for 16.192)
09:33:48.867 [main] INFO  c.u.UUSTOPApplication - [logStarting,50] - Starting UUSTOPApplication on SD-20200427RWHO with PID 15920 (D:\bbbb\ymgj\target\classes started by Administrator in D:\bbbb\ymgj)
09:33:48.872 [main] INFO  c.u.UUSTOPApplication - [logStartupProfileInfo,684] - The following profiles are active: dev
09:33:53.695 [main] INFO  o.a.c.h.Http11NioProtocol - [log,180] - Initializing ProtocolHandler ["http-nio-8080"]
09:33:53.706 [main] INFO  o.a.c.c.StandardService - [log,180] - Starting service [Tomcat]
09:33:53.707 [main] INFO  o.a.c.c.StandardEngine - [log,180] - Starting Servlet Engine: Apache Tomcat/8.5.34
09:33:53.712 [localhost-startStop-1] INFO  o.a.c.c.AprLifecycleListener - [log,180] - The APR based Apache Tomcat Native library which allows optimal performance in production environments was not found on the java.library.path: [D:\Program Files (x86)\jdk1.8\bin;C:\Windows\Sun\Java\bin;C:\Windows\system32;C:\Windows;C:\ProgramData\Oracle\Java\javapath;C:\Windows\system32;C:\Windows;C:\Windows\System32\Wbem;C:\Windows\System32\WindowsPowerShell\v1.0\;C:\Windows\System32\OpenSSH\;D:\Program Files (x86)\jdk1.8\bin;C:\Users\Administrator\AppData\Local\Microsoft\WindowsApps;;.]
09:33:53.912 [localhost-startStop-1] INFO  o.a.c.c.C.[.[.[/] - [log,180] - Initializing Spring embedded WebApplicationContext
09:33:56.609 [main] INFO  s.d.s.w.PropertySourcedRequestMappingHandlerMapping - [initHandlerMethods,69] - Mapped URL path [/v2/api-docs] onto method [public org.springframework.http.ResponseEntity<springfox.documentation.spring.web.json.Json> springfox.documentation.swagger2.web.Swagger2Controller.getDocumentation(java.lang.String,javax.servlet.http.HttpServletRequest)]
09:33:58.099 [main] INFO  i.l.c.EpollProvider - [info,101] - Starting without optional epoll library
09:33:58.102 [main] INFO  i.l.c.KqueueProvider - [info,101] - Starting without optional kqueue library
09:34:00.642 [main] INFO  s.d.s.w.p.DocumentationPluginsBootstrapper - [start,147] - Context refreshed
09:34:00.661 [main] INFO  s.d.s.w.p.DocumentationPluginsBootstrapper - [start,150] - Found 1 custom documentation plugin(s)
09:34:00.794 [main] INFO  s.d.s.w.s.ApiListingReferenceScanner - [scan,41] - Scanning for api listing references
09:34:00.909 [main] INFO  o.a.c.h.Http11NioProtocol - [log,180] - Starting ProtocolHandler ["http-nio-8080"]
09:34:00.911 [main] INFO  o.a.t.u.n.NioSelectorPool - [log,180] - Using a shared selector for servlet write/read
09:34:00.946 [main] INFO  c.u.UUSTOPApplication - [logStarted,59] - Started UUSTOPApplication in 12.538 seconds (JVM running for 14.223)
09:34:07.012 [http-nio-8080-exec-1] INFO  o.a.c.c.C.[.[.[/] - [log,180] - Initializing Spring FrameworkServlet 'dispatcherServlet'
09:34:07.294 [http-nio-8080-exec-1] INFO  o.a.s.s.m.AbstractValidatingSessionManager - [enableSessionValidation,233] - Enabling session validation scheduler...
09:34:07.443 [http-nio-8080-exec-1] INFO  c.a.d.p.DruidDataSource - [init,930] - {dataSource-1} inited
09:57:47.574 [pool-3-thread-1] INFO  sys-user - [run,108] - [127.0.0.1]内网IP[admin][Success][登录成功]
10:04:07.296 [SessionValidationThread-1] INFO  o.a.s.s.m.AbstractValidatingSessionManager - [validateSessions,275] - Validating all active sessions...
10:04:07.310 [SessionValidationThread-1] INFO  o.a.s.s.m.AbstractValidatingSessionManager - [validateSessions,308] - Finished session validation.  No sessions were stopped.
10:34:07.298 [SessionValidationThread-1] INFO  o.a.s.s.m.AbstractValidatingSessionManager - [validateSessions,275] - Validating all active sessions...
10:34:07.305 [SessionValidationThread-1] INFO  o.a.s.s.m.AbstractValidatingSessionManager - [validateSessions,308] - Finished session validation.  No sessions were stopped.
11:04:07.298 [SessionValidationThread-1] INFO  o.a.s.s.m.AbstractValidatingSessionManager - [validateSessions,275] - Validating all active sessions...
11:04:07.310 [SessionValidationThread-1] INFO  o.a.s.s.m.AbstractValidatingSessionManager - [validateSessions,308] - Finished session validation.  [1] sessions were stopped.
11:28:19.104 [main] INFO  c.u.UUSTOPApplication - [logStarting,50] - Starting UUSTOPApplication on SD-20200427RWHO with PID 1216 (D:\bbbb\ymgj\target\classes started by Administrator in D:\bbbb\ymgj)
11:28:19.110 [main] INFO  c.u.UUSTOPApplication - [logStartupProfileInfo,684] - The following profiles are active: dev
11:28:23.411 [main] INFO  o.a.c.h.Http11NioProtocol - [log,180] - Initializing ProtocolHandler ["http-nio-8080"]
11:28:23.425 [main] INFO  o.a.c.c.StandardService - [log,180] - Starting service [Tomcat]
11:28:23.426 [main] INFO  o.a.c.c.StandardEngine - [log,180] - Starting Servlet Engine: Apache Tomcat/8.5.34
11:28:23.431 [localhost-startStop-1] INFO  o.a.c.c.AprLifecycleListener - [log,180] - The APR based Apache Tomcat Native library which allows optimal performance in production environments was not found on the java.library.path: [D:\Program Files (x86)\jdk1.8\bin;C:\Windows\Sun\Java\bin;C:\Windows\system32;C:\Windows;C:\ProgramData\Oracle\Java\javapath;C:\Windows\system32;C:\Windows;C:\Windows\System32\Wbem;C:\Windows\System32\WindowsPowerShell\v1.0\;C:\Windows\System32\OpenSSH\;D:\Program Files (x86)\jdk1.8\bin;C:\Users\Administrator\AppData\Local\Microsoft\WindowsApps;;.]
11:28:23.566 [localhost-startStop-1] INFO  o.a.c.c.C.[.[.[/] - [log,180] - Initializing Spring embedded WebApplicationContext
11:28:25.488 [main] INFO  s.d.s.w.PropertySourcedRequestMappingHandlerMapping - [initHandlerMethods,69] - Mapped URL path [/v2/api-docs] onto method [public org.springframework.http.ResponseEntity<springfox.documentation.spring.web.json.Json> springfox.documentation.swagger2.web.Swagger2Controller.getDocumentation(java.lang.String,javax.servlet.http.HttpServletRequest)]
11:28:26.551 [main] INFO  i.l.c.EpollProvider - [info,101] - Starting without optional epoll library
11:28:26.553 [main] INFO  i.l.c.KqueueProvider - [info,101] - Starting without optional kqueue library
11:28:31.309 [main] INFO  o.a.c.c.StandardService - [log,180] - Stopping service [Tomcat]
11:29:13.544 [main] INFO  c.u.UUSTOPApplication - [logStarting,50] - Starting UUSTOPApplication on SD-20200427RWHO with PID 11400 (D:\bbbb\ymgj\target\classes started by Administrator in D:\bbbb\ymgj)
11:29:13.562 [main] INFO  c.u.UUSTOPApplication - [logStartupProfileInfo,684] - The following profiles are active: dev
11:29:17.722 [main] INFO  o.a.c.h.Http11NioProtocol - [log,180] - Initializing ProtocolHandler ["http-nio-8080"]
11:29:17.736 [main] INFO  o.a.c.c.StandardService - [log,180] - Starting service [Tomcat]
11:29:17.736 [main] INFO  o.a.c.c.StandardEngine - [log,180] - Starting Servlet Engine: Apache Tomcat/8.5.34
11:29:17.744 [localhost-startStop-1] INFO  o.a.c.c.AprLifecycleListener - [log,180] - The APR based Apache Tomcat Native library which allows optimal performance in production environments was not found on the java.library.path: [D:\Program Files (x86)\jdk1.8\bin;C:\Windows\Sun\Java\bin;C:\Windows\system32;C:\Windows;C:\ProgramData\Oracle\Java\javapath;C:\Windows\system32;C:\Windows;C:\Windows\System32\Wbem;C:\Windows\System32\WindowsPowerShell\v1.0\;C:\Windows\System32\OpenSSH\;D:\Program Files (x86)\jdk1.8\bin;C:\Users\Administrator\AppData\Local\Microsoft\WindowsApps;;.]
11:29:17.912 [localhost-startStop-1] INFO  o.a.c.c.C.[.[.[/] - [log,180] - Initializing Spring embedded WebApplicationContext
11:29:19.746 [main] INFO  s.d.s.w.PropertySourcedRequestMappingHandlerMapping - [initHandlerMethods,69] - Mapped URL path [/v2/api-docs] onto method [public org.springframework.http.ResponseEntity<springfox.documentation.spring.web.json.Json> springfox.documentation.swagger2.web.Swagger2Controller.getDocumentation(java.lang.String,javax.servlet.http.HttpServletRequest)]
11:29:20.707 [main] INFO  i.l.c.EpollProvider - [info,101] - Starting without optional epoll library
11:29:20.708 [main] INFO  i.l.c.KqueueProvider - [info,101] - Starting without optional kqueue library
11:29:23.142 [main] INFO  o.a.c.c.StandardService - [log,180] - Stopping service [Tomcat]
11:31:19.137 [main] INFO  c.u.UUSTOPApplication - [logStarting,50] - Starting UUSTOPApplication on SD-20200427RWHO with PID 9240 (D:\bbbb\ymgj\target\classes started by Administrator in D:\bbbb\ymgj)
11:31:19.141 [main] INFO  c.u.UUSTOPApplication - [logStartupProfileInfo,684] - The following profiles are active: dev
11:31:23.153 [main] INFO  o.a.c.h.Http11NioProtocol - [log,180] - Initializing ProtocolHandler ["http-nio-8080"]
11:31:23.163 [main] INFO  o.a.c.c.StandardService - [log,180] - Starting service [Tomcat]
11:31:23.164 [main] INFO  o.a.c.c.StandardEngine - [log,180] - Starting Servlet Engine: Apache Tomcat/8.5.34
11:31:23.168 [localhost-startStop-1] INFO  o.a.c.c.AprLifecycleListener - [log,180] - The APR based Apache Tomcat Native library which allows optimal performance in production environments was not found on the java.library.path: [D:\Program Files (x86)\jdk1.8\bin;C:\Windows\Sun\Java\bin;C:\Windows\system32;C:\Windows;C:\ProgramData\Oracle\Java\javapath;C:\Windows\system32;C:\Windows;C:\Windows\System32\Wbem;C:\Windows\System32\WindowsPowerShell\v1.0\;C:\Windows\System32\OpenSSH\;D:\Program Files (x86)\jdk1.8\bin;C:\Users\Administrator\AppData\Local\Microsoft\WindowsApps;;.]
11:31:23.302 [localhost-startStop-1] INFO  o.a.c.c.C.[.[.[/] - [log,180] - Initializing Spring embedded WebApplicationContext
11:31:25.111 [main] INFO  s.d.s.w.PropertySourcedRequestMappingHandlerMapping - [initHandlerMethods,69] - Mapped URL path [/v2/api-docs] onto method [public org.springframework.http.ResponseEntity<springfox.documentation.spring.web.json.Json> springfox.documentation.swagger2.web.Swagger2Controller.getDocumentation(java.lang.String,javax.servlet.http.HttpServletRequest)]
11:31:26.100 [main] INFO  i.l.c.EpollProvider - [info,101] - Starting without optional epoll library
11:31:26.102 [main] INFO  i.l.c.KqueueProvider - [info,101] - Starting without optional kqueue library
11:31:27.786 [main] INFO  s.d.s.w.p.DocumentationPluginsBootstrapper - [start,147] - Context refreshed
11:31:27.803 [main] INFO  s.d.s.w.p.DocumentationPluginsBootstrapper - [start,150] - Found 1 custom documentation plugin(s)
11:31:27.898 [main] INFO  s.d.s.w.s.ApiListingReferenceScanner - [scan,41] - Scanning for api listing references
11:31:27.979 [main] INFO  o.a.c.h.Http11NioProtocol - [log,180] - Starting ProtocolHandler ["http-nio-8080"]
11:31:27.980 [main] INFO  o.a.t.u.n.NioSelectorPool - [log,180] - Using a shared selector for servlet write/read
11:31:28.004 [main] INFO  c.u.UUSTOPApplication - [logStarted,59] - Started UUSTOPApplication in 9.241 seconds (JVM running for 10.902)
11:32:59.821 [http-nio-8080-exec-1] INFO  o.a.c.c.C.[.[.[/] - [log,180] - Initializing Spring FrameworkServlet 'dispatcherServlet'
11:33:00.110 [http-nio-8080-exec-1] INFO  o.a.s.s.m.AbstractValidatingSessionManager - [enableSessionValidation,233] - Enabling session validation scheduler...
11:34:05.393 [main] INFO  c.u.UUSTOPApplication - [logStarting,50] - Starting UUSTOPApplication on SD-20200427RWHO with PID 7808 (D:\bbbb\ymgj\target\classes started by Administrator in D:\bbbb\ymgj)
11:34:05.397 [main] INFO  c.u.UUSTOPApplication - [logStartupProfileInfo,684] - The following profiles are active: dev
11:34:09.912 [main] INFO  o.a.c.h.Http11NioProtocol - [log,180] - Initializing ProtocolHandler ["http-nio-8080"]
11:34:09.926 [main] INFO  o.a.c.c.StandardService - [log,180] - Starting service [Tomcat]
11:34:09.927 [main] INFO  o.a.c.c.StandardEngine - [log,180] - Starting Servlet Engine: Apache Tomcat/8.5.34
11:34:09.932 [localhost-startStop-1] INFO  o.a.c.c.AprLifecycleListener - [log,180] - The APR based Apache Tomcat Native library which allows optimal performance in production environments was not found on the java.library.path: [D:\Program Files (x86)\jdk1.8\bin;C:\Windows\Sun\Java\bin;C:\Windows\system32;C:\Windows;C:\ProgramData\Oracle\Java\javapath;C:\Windows\system32;C:\Windows;C:\Windows\System32\Wbem;C:\Windows\System32\WindowsPowerShell\v1.0\;C:\Windows\System32\OpenSSH\;D:\Program Files (x86)\jdk1.8\bin;C:\Users\Administrator\AppData\Local\Microsoft\WindowsApps;;.]
11:34:10.070 [localhost-startStop-1] INFO  o.a.c.c.C.[.[.[/] - [log,180] - Initializing Spring embedded WebApplicationContext
11:34:12.010 [main] INFO  s.d.s.w.PropertySourcedRequestMappingHandlerMapping - [initHandlerMethods,69] - Mapped URL path [/v2/api-docs] onto method [public org.springframework.http.ResponseEntity<springfox.documentation.spring.web.json.Json> springfox.documentation.swagger2.web.Swagger2Controller.getDocumentation(java.lang.String,javax.servlet.http.HttpServletRequest)]
11:34:13.062 [main] INFO  i.l.c.EpollProvider - [info,101] - Starting without optional epoll library
11:34:13.064 [main] INFO  i.l.c.KqueueProvider - [info,101] - Starting without optional kqueue library
11:34:14.958 [main] INFO  s.d.s.w.p.DocumentationPluginsBootstrapper - [start,147] - Context refreshed
11:34:14.974 [main] INFO  s.d.s.w.p.DocumentationPluginsBootstrapper - [start,150] - Found 1 custom documentation plugin(s)
11:34:15.064 [main] INFO  s.d.s.w.s.ApiListingReferenceScanner - [scan,41] - Scanning for api listing references
11:34:15.210 [main] INFO  o.a.c.h.Http11NioProtocol - [log,180] - Starting ProtocolHandler ["http-nio-8080"]
11:34:15.211 [main] INFO  o.a.t.u.n.NioSelectorPool - [log,180] - Using a shared selector for servlet write/read
11:34:15.231 [main] INFO  c.u.UUSTOPApplication - [logStarted,59] - Started UUSTOPApplication in 10.214 seconds (JVM running for 11.948)
11:39:31.274 [main] INFO  c.u.UUSTOPApplication - [logStarting,50] - Starting UUSTOPApplication on SD-20200427RWHO with PID 8812 (D:\bbbb\ymgj\target\classes started by Administrator in D:\bbbb\ymgj)
11:39:31.279 [main] INFO  c.u.UUSTOPApplication - [logStartupProfileInfo,684] - The following profiles are active: dev
11:39:36.118 [main] INFO  o.a.c.h.Http11NioProtocol - [log,180] - Initializing ProtocolHandler ["http-nio-8080"]
11:39:36.127 [main] INFO  o.a.c.c.StandardService - [log,180] - Starting service [Tomcat]
11:39:36.128 [main] INFO  o.a.c.c.StandardEngine - [log,180] - Starting Servlet Engine: Apache Tomcat/8.5.34
11:39:36.133 [localhost-startStop-1] INFO  o.a.c.c.AprLifecycleListener - [log,180] - The APR based Apache Tomcat Native library which allows optimal performance in production environments was not found on the java.library.path: [D:\Program Files (x86)\jdk1.8\bin;C:\Windows\Sun\Java\bin;C:\Windows\system32;C:\Windows;C:\ProgramData\Oracle\Java\javapath;C:\Windows\system32;C:\Windows;C:\Windows\System32\Wbem;C:\Windows\System32\WindowsPowerShell\v1.0\;C:\Windows\System32\OpenSSH\;D:\Program Files (x86)\jdk1.8\bin;C:\Users\Administrator\AppData\Local\Microsoft\WindowsApps;;.]
11:39:36.282 [localhost-startStop-1] INFO  o.a.c.c.C.[.[.[/] - [log,180] - Initializing Spring embedded WebApplicationContext
11:39:38.071 [main] INFO  s.d.s.w.PropertySourcedRequestMappingHandlerMapping - [initHandlerMethods,69] - Mapped URL path [/v2/api-docs] onto method [public org.springframework.http.ResponseEntity<springfox.documentation.spring.web.json.Json> springfox.documentation.swagger2.web.Swagger2Controller.getDocumentation(java.lang.String,javax.servlet.http.HttpServletRequest)]
11:39:39.056 [main] INFO  i.l.c.EpollProvider - [info,101] - Starting without optional epoll library
11:39:39.057 [main] INFO  i.l.c.KqueueProvider - [info,101] - Starting without optional kqueue library
11:39:40.562 [main] INFO  s.d.s.w.p.DocumentationPluginsBootstrapper - [start,147] - Context refreshed
11:39:40.578 [main] INFO  s.d.s.w.p.DocumentationPluginsBootstrapper - [start,150] - Found 1 custom documentation plugin(s)
11:39:40.673 [main] INFO  s.d.s.w.s.ApiListingReferenceScanner - [scan,41] - Scanning for api listing references
11:39:40.829 [main] INFO  o.a.c.h.Http11NioProtocol - [log,180] - Starting ProtocolHandler ["http-nio-8080"]
11:39:40.830 [main] INFO  o.a.t.u.n.NioSelectorPool - [log,180] - Using a shared selector for servlet write/read
11:39:40.851 [main] INFO  c.u.UUSTOPApplication - [logStarted,59] - Started UUSTOPApplication in 9.978 seconds (JVM running for 11.575)
11:41:55.621 [http-nio-8080-exec-1] INFO  o.a.c.c.C.[.[.[/] - [log,180] - Initializing Spring FrameworkServlet 'dispatcherServlet'
11:41:55.937 [http-nio-8080-exec-1] INFO  o.a.s.s.m.AbstractValidatingSessionManager - [enableSessionValidation,233] - Enabling session validation scheduler...
11:42:01.686 [http-nio-8080-exec-5] INFO  c.a.d.p.DruidDataSource - [init,930] - {dataSource-1} inited
11:42:02.136 [pool-3-thread-1] INFO  sys-user - [run,108] - [127.0.0.1]内网IP[admin][Success][登录成功]
11:44:39.486 [main] INFO  c.u.UUSTOPApplication - [logStarting,50] - Starting UUSTOPApplication on SD-20200427RWHO with PID 7240 (D:\bbbb\ymgj\target\classes started by Administrator in D:\bbbb\ymgj)
11:44:39.491 [main] INFO  c.u.UUSTOPApplication - [logStartupProfileInfo,684] - The following profiles are active: dev
11:44:44.034 [main] INFO  o.a.c.h.Http11NioProtocol - [log,180] - Initializing ProtocolHandler ["http-nio-8080"]
11:44:44.048 [main] INFO  o.a.c.c.StandardService - [log,180] - Starting service [Tomcat]
11:44:44.048 [main] INFO  o.a.c.c.StandardEngine - [log,180] - Starting Servlet Engine: Apache Tomcat/8.5.34
11:44:44.054 [localhost-startStop-1] INFO  o.a.c.c.AprLifecycleListener - [log,180] - The APR based Apache Tomcat Native library which allows optimal performance in production environments was not found on the java.library.path: [D:\Program Files (x86)\jdk1.8\bin;C:\Windows\Sun\Java\bin;C:\Windows\system32;C:\Windows;C:\ProgramData\Oracle\Java\javapath;C:\Windows\system32;C:\Windows;C:\Windows\System32\Wbem;C:\Windows\System32\WindowsPowerShell\v1.0\;C:\Windows\System32\OpenSSH\;D:\Program Files (x86)\jdk1.8\bin;C:\Users\Administrator\AppData\Local\Microsoft\WindowsApps;;.]
11:44:44.200 [localhost-startStop-1] INFO  o.a.c.c.C.[.[.[/] - [log,180] - Initializing Spring embedded WebApplicationContext
11:44:46.038 [main] INFO  s.d.s.w.PropertySourcedRequestMappingHandlerMapping - [initHandlerMethods,69] - Mapped URL path [/v2/api-docs] onto method [public org.springframework.http.ResponseEntity<springfox.documentation.spring.web.json.Json> springfox.documentation.swagger2.web.Swagger2Controller.getDocumentation(java.lang.String,javax.servlet.http.HttpServletRequest)]
11:44:47.022 [main] INFO  i.l.c.EpollProvider - [info,101] - Starting without optional epoll library
11:44:47.024 [main] INFO  i.l.c.KqueueProvider - [info,101] - Starting without optional kqueue library
11:44:48.881 [main] INFO  s.d.s.w.p.DocumentationPluginsBootstrapper - [start,147] - Context refreshed
11:44:48.900 [main] INFO  s.d.s.w.p.DocumentationPluginsBootstrapper - [start,150] - Found 1 custom documentation plugin(s)
11:44:48.999 [main] INFO  s.d.s.w.s.ApiListingReferenceScanner - [scan,41] - Scanning for api listing references
11:44:49.165 [main] INFO  o.a.c.h.Http11NioProtocol - [log,180] - Starting ProtocolHandler ["http-nio-8080"]
11:44:49.167 [main] INFO  o.a.t.u.n.NioSelectorPool - [log,180] - Using a shared selector for servlet write/read
11:44:49.193 [main] INFO  c.u.UUSTOPApplication - [logStarted,59] - Started UUSTOPApplication in 10.082 seconds (JVM running for 11.891)
11:46:22.540 [http-nio-8080-exec-1] INFO  o.a.c.c.C.[.[.[/] - [log,180] - Initializing Spring FrameworkServlet 'dispatcherServlet'
11:46:22.863 [http-nio-8080-exec-1] INFO  o.a.s.s.m.AbstractValidatingSessionManager - [enableSessionValidation,233] - Enabling session validation scheduler...
11:46:23.585 [http-nio-8080-exec-1] INFO  c.a.d.p.DruidDataSource - [init,930] - {dataSource-1} inited
11:46:52.158 [main] INFO  c.u.UUSTOPApplication - [logStarting,50] - Starting UUSTOPApplication on SD-20200427RWHO with PID 12840 (D:\bbbb\ymgj\target\classes started by Administrator in D:\bbbb\ymgj)
11:46:52.164 [main] INFO  c.u.UUSTOPApplication - [logStartupProfileInfo,684] - The following profiles are active: dev
11:46:56.112 [main] INFO  o.a.c.h.Http11NioProtocol - [log,180] - Initializing ProtocolHandler ["http-nio-8080"]
11:46:56.123 [main] INFO  o.a.c.c.StandardService - [log,180] - Starting service [Tomcat]
11:46:56.124 [main] INFO  o.a.c.c.StandardEngine - [log,180] - Starting Servlet Engine: Apache Tomcat/8.5.34
11:46:56.128 [localhost-startStop-1] INFO  o.a.c.c.AprLifecycleListener - [log,180] - The APR based Apache Tomcat Native library which allows optimal performance in production environments was not found on the java.library.path: [D:\Program Files (x86)\jdk1.8\bin;C:\Windows\Sun\Java\bin;C:\Windows\system32;C:\Windows;C:\ProgramData\Oracle\Java\javapath;C:\Windows\system32;C:\Windows;C:\Windows\System32\Wbem;C:\Windows\System32\WindowsPowerShell\v1.0\;C:\Windows\System32\OpenSSH\;D:\Program Files (x86)\jdk1.8\bin;C:\Users\Administrator\AppData\Local\Microsoft\WindowsApps;;.]
11:46:56.274 [localhost-startStop-1] INFO  o.a.c.c.C.[.[.[/] - [log,180] - Initializing Spring embedded WebApplicationContext
11:46:58.125 [main] INFO  s.d.s.w.PropertySourcedRequestMappingHandlerMapping - [initHandlerMethods,69] - Mapped URL path [/v2/api-docs] onto method [public org.springframework.http.ResponseEntity<springfox.documentation.spring.web.json.Json> springfox.documentation.swagger2.web.Swagger2Controller.getDocumentation(java.lang.String,javax.servlet.http.HttpServletRequest)]
11:46:59.099 [main] INFO  i.l.c.EpollProvider - [info,101] - Starting without optional epoll library
11:46:59.101 [main] INFO  i.l.c.KqueueProvider - [info,101] - Starting without optional kqueue library
11:47:00.790 [main] INFO  s.d.s.w.p.DocumentationPluginsBootstrapper - [start,147] - Context refreshed
11:47:00.808 [main] INFO  s.d.s.w.p.DocumentationPluginsBootstrapper - [start,150] - Found 1 custom documentation plugin(s)
11:47:00.930 [main] INFO  s.d.s.w.s.ApiListingReferenceScanner - [scan,41] - Scanning for api listing references
11:47:01.117 [main] INFO  o.a.c.h.Http11NioProtocol - [log,180] - Starting ProtocolHandler ["http-nio-8080"]
11:47:01.119 [main] INFO  o.a.t.u.n.NioSelectorPool - [log,180] - Using a shared selector for servlet write/read
11:47:01.141 [main] INFO  c.u.UUSTOPApplication - [logStarted,59] - Started UUSTOPApplication in 9.384 seconds (JVM running for 10.97)
11:47:06.412 [http-nio-8080-exec-1] INFO  o.a.c.c.C.[.[.[/] - [log,180] - Initializing Spring FrameworkServlet 'dispatcherServlet'
11:47:06.662 [http-nio-8080-exec-1] INFO  o.a.s.s.m.AbstractValidatingSessionManager - [enableSessionValidation,233] - Enabling session validation scheduler...
11:47:06.907 [http-nio-8080-exec-1] INFO  c.a.d.p.DruidDataSource - [init,930] - {dataSource-1} inited
11:49:54.429 [main] INFO  c.u.UUSTOPApplication - [logStarting,50] - Starting UUSTOPApplication on SD-20200427RWHO with PID 8600 (D:\bbbb\ymgj\target\classes started by Administrator in D:\bbbb\ymgj)
11:49:54.433 [main] INFO  c.u.UUSTOPApplication - [logStartupProfileInfo,684] - The following profiles are active: dev
11:49:58.318 [main] INFO  o.a.c.h.Http11NioProtocol - [log,180] - Initializing ProtocolHandler ["http-nio-8080"]
11:49:58.331 [main] INFO  o.a.c.c.StandardService - [log,180] - Starting service [Tomcat]
11:49:58.332 [main] INFO  o.a.c.c.StandardEngine - [log,180] - Starting Servlet Engine: Apache Tomcat/8.5.34
11:49:58.337 [localhost-startStop-1] INFO  o.a.c.c.AprLifecycleListener - [log,180] - The APR based Apache Tomcat Native library which allows optimal performance in production environments was not found on the java.library.path: [D:\Program Files (x86)\jdk1.8\bin;C:\Windows\Sun\Java\bin;C:\Windows\system32;C:\Windows;C:\ProgramData\Oracle\Java\javapath;C:\Windows\system32;C:\Windows;C:\Windows\System32\Wbem;C:\Windows\System32\WindowsPowerShell\v1.0\;C:\Windows\System32\OpenSSH\;D:\Program Files (x86)\jdk1.8\bin;C:\Users\Administrator\AppData\Local\Microsoft\WindowsApps;;.]
11:49:58.496 [localhost-startStop-1] INFO  o.a.c.c.C.[.[.[/] - [log,180] - Initializing Spring embedded WebApplicationContext
11:50:00.424 [main] INFO  s.d.s.w.PropertySourcedRequestMappingHandlerMapping - [initHandlerMethods,69] - Mapped URL path [/v2/api-docs] onto method [public org.springframework.http.ResponseEntity<springfox.documentation.spring.web.json.Json> springfox.documentation.swagger2.web.Swagger2Controller.getDocumentation(java.lang.String,javax.servlet.http.HttpServletRequest)]
11:50:01.360 [main] INFO  i.l.c.EpollProvider - [info,101] - Starting without optional epoll library
11:50:01.362 [main] INFO  i.l.c.KqueueProvider - [info,101] - Starting without optional kqueue library
11:50:02.965 [main] INFO  s.d.s.w.p.DocumentationPluginsBootstrapper - [start,147] - Context refreshed
11:50:02.980 [main] INFO  s.d.s.w.p.DocumentationPluginsBootstrapper - [start,150] - Found 1 custom documentation plugin(s)
11:50:03.075 [main] INFO  s.d.s.w.s.ApiListingReferenceScanner - [scan,41] - Scanning for api listing references
11:50:03.197 [main] INFO  o.a.c.h.Http11NioProtocol - [log,180] - Starting ProtocolHandler ["http-nio-8080"]
11:50:03.199 [main] INFO  o.a.t.u.n.NioSelectorPool - [log,180] - Using a shared selector for servlet write/read
11:50:03.219 [main] INFO  c.u.UUSTOPApplication - [logStarted,59] - Started UUSTOPApplication in 9.176 seconds (JVM running for 10.734)
11:50:10.245 [http-nio-8080-exec-1] INFO  o.a.c.c.C.[.[.[/] - [log,180] - Initializing Spring FrameworkServlet 'dispatcherServlet'
11:50:10.285 [http-nio-8080-exec-1] INFO  o.a.s.s.m.AbstractValidatingSessionManager - [enableSessionValidation,233] - Enabling session validation scheduler...
11:50:10.840 [http-nio-8080-exec-1] INFO  c.a.d.p.DruidDataSource - [init,930] - {dataSource-1} inited
11:50:24.817 [pool-3-thread-1] INFO  sys-user - [run,108] - [127.0.0.1]内网IP[admin][Logout][退出成功]
11:50:36.079 [pool-3-thread-1] INFO  sys-user - [run,108] - [127.0.0.1]内网IP[18722019848][Error][此账户不存在]
12:20:10.288 [SessionValidationThread-1] INFO  o.a.s.s.m.AbstractValidatingSessionManager - [validateSessions,275] - Validating all active sessions...
12:20:10.348 [SessionValidationThread-1] INFO  o.a.s.s.m.AbstractValidatingSessionManager - [validateSessions,308] - Finished session validation.  No sessions were stopped.
12:50:10.287 [SessionValidationThread-1] INFO  o.a.s.s.m.AbstractValidatingSessionManager - [validateSessions,275] - Validating all active sessions...
12:50:10.385 [SessionValidationThread-1] INFO  o.a.s.s.m.AbstractValidatingSessionManager - [validateSessions,308] - Finished session validation.  [1] sessions were stopped.
13:12:49.105 [main] INFO  c.u.UUSTOPApplication - [logStarting,50] - Starting UUSTOPApplication on SD-20200427RWHO with PID 3520 (D:\bbbb\ymgj\target\classes started by Administrator in D:\bbbb\ymgj)
13:12:49.111 [main] INFO  c.u.UUSTOPApplication - [logStartupProfileInfo,684] - The following profiles are active: dev
13:12:54.701 [main] INFO  o.a.c.h.Http11NioProtocol - [log,180] - Initializing ProtocolHandler ["http-nio-8080"]
13:12:54.720 [main] INFO  o.a.c.c.StandardService - [log,180] - Starting service [Tomcat]
13:12:54.721 [main] INFO  o.a.c.c.StandardEngine - [log,180] - Starting Servlet Engine: Apache Tomcat/8.5.34
13:12:54.727 [localhost-startStop-1] INFO  o.a.c.c.AprLifecycleListener - [log,180] - The APR based Apache Tomcat Native library which allows optimal performance in production environments was not found on the java.library.path: [D:\Program Files (x86)\jdk1.8\bin;C:\Windows\Sun\Java\bin;C:\Windows\system32;C:\Windows;C:\ProgramData\Oracle\Java\javapath;C:\Windows\system32;C:\Windows;C:\Windows\System32\Wbem;C:\Windows\System32\WindowsPowerShell\v1.0\;C:\Windows\System32\OpenSSH\;D:\Program Files (x86)\jdk1.8\bin;C:\Users\Administrator\AppData\Local\Microsoft\WindowsApps;;.]
13:12:54.878 [localhost-startStop-1] INFO  o.a.c.c.C.[.[.[/] - [log,180] - Initializing Spring embedded WebApplicationContext
13:12:57.149 [main] INFO  s.d.s.w.PropertySourcedRequestMappingHandlerMapping - [initHandlerMethods,69] - Mapped URL path [/v2/api-docs] onto method [public org.springframework.http.ResponseEntity<springfox.documentation.spring.web.json.Json> springfox.documentation.swagger2.web.Swagger2Controller.getDocumentation(java.lang.String,javax.servlet.http.HttpServletRequest)]
13:12:58.166 [main] INFO  i.l.c.EpollProvider - [info,101] - Starting without optional epoll library
13:12:58.167 [main] INFO  i.l.c.KqueueProvider - [info,101] - Starting without optional kqueue library
13:12:59.752 [main] INFO  s.d.s.w.p.DocumentationPluginsBootstrapper - [start,147] - Context refreshed
13:12:59.765 [main] INFO  s.d.s.w.p.DocumentationPluginsBootstrapper - [start,150] - Found 1 custom documentation plugin(s)
13:12:59.858 [main] INFO  s.d.s.w.s.ApiListingReferenceScanner - [scan,41] - Scanning for api listing references
13:12:59.991 [main] INFO  o.a.c.h.Http11NioProtocol - [log,180] - Starting ProtocolHandler ["http-nio-8080"]
13:12:59.993 [main] INFO  o.a.t.u.n.NioSelectorPool - [log,180] - Using a shared selector for servlet write/read
13:13:00.019 [main] INFO  c.u.UUSTOPApplication - [logStarted,59] - Started UUSTOPApplication in 11.325 seconds (JVM running for 13.229)
13:26:56.234 [main] INFO  c.u.UUSTOPApplication - [logStarting,50] - Starting UUSTOPApplication on SD-20200427RWHO with PID 9192 (D:\bbbb\ymgj\target\classes started by Administrator in D:\bbbb\ymgj)
13:26:56.240 [main] INFO  c.u.UUSTOPApplication - [logStartupProfileInfo,684] - The following profiles are active: dev
13:27:01.291 [main] INFO  o.a.c.h.Http11NioProtocol - [log,180] - Initializing ProtocolHandler ["http-nio-8080"]
13:27:01.303 [main] INFO  o.a.c.c.StandardService - [log,180] - Starting service [Tomcat]
13:27:01.303 [main] INFO  o.a.c.c.StandardEngine - [log,180] - Starting Servlet Engine: Apache Tomcat/8.5.34
13:27:01.308 [localhost-startStop-1] INFO  o.a.c.c.AprLifecycleListener - [log,180] - The APR based Apache Tomcat Native library which allows optimal performance in production environments was not found on the java.library.path: [D:\Program Files (x86)\jdk1.8\bin;C:\Windows\Sun\Java\bin;C:\Windows\system32;C:\Windows;C:\ProgramData\Oracle\Java\javapath;C:\Windows\system32;C:\Windows;C:\Windows\System32\Wbem;C:\Windows\System32\WindowsPowerShell\v1.0\;C:\Windows\System32\OpenSSH\;D:\Program Files (x86)\jdk1.8\bin;C:\Users\Administrator\AppData\Local\Microsoft\WindowsApps;;.]
13:27:01.536 [localhost-startStop-1] INFO  o.a.c.c.C.[.[.[/] - [log,180] - Initializing Spring embedded WebApplicationContext
13:27:04.482 [main] INFO  s.d.s.w.PropertySourcedRequestMappingHandlerMapping - [initHandlerMethods,69] - Mapped URL path [/v2/api-docs] onto method [public org.springframework.http.ResponseEntity<springfox.documentation.spring.web.json.Json> springfox.documentation.swagger2.web.Swagger2Controller.getDocumentation(java.lang.String,javax.servlet.http.HttpServletRequest)]
13:27:05.857 [main] INFO  i.l.c.EpollProvider - [info,101] - Starting without optional epoll library
13:27:05.859 [main] INFO  i.l.c.KqueueProvider - [info,101] - Starting without optional kqueue library
13:27:07.441 [main] INFO  s.d.s.w.p.DocumentationPluginsBootstrapper - [start,147] - Context refreshed
13:27:07.461 [main] INFO  s.d.s.w.p.DocumentationPluginsBootstrapper - [start,150] - Found 1 custom documentation plugin(s)
13:27:07.576 [main] INFO  s.d.s.w.s.ApiListingReferenceScanner - [scan,41] - Scanning for api listing references
13:27:07.727 [main] INFO  o.a.c.h.Http11NioProtocol - [log,180] - Starting ProtocolHandler ["http-nio-8080"]
13:27:07.729 [main] INFO  o.a.t.u.n.NioSelectorPool - [log,180] - Using a shared selector for servlet write/read
13:27:07.761 [main] INFO  c.u.UUSTOPApplication - [logStarted,59] - Started UUSTOPApplication in 12.032 seconds (JVM running for 13.783)
