04:40:18.112 [main] INFO  c.u.UUSTOPApplication - [logStarting,50] - Starting UUSTOPApplication on SD-20200427RWHO with PID 7396 (D:\bbbb\ymgj\target\classes started by Administrator in D:\bbbb\ymgj)
04:40:18.127 [main] INFO  c.u.UUSTOPApplication - [logStartupProfileInfo,684] - The following profiles are active: dev
04:40:30.087 [main] INFO  c.u.UUSTOPApplication - [logStarting,50] - Starting UUSTOPApplication on SD-20200427RWHO with PID 4392 (D:\bbbb\ymgj\target\classes started by Administrator in D:\bbbb\ymgj)
04:40:30.091 [main] INFO  c.u.UUSTOPApplication - [logStartupProfileInfo,684] - The following profiles are active: dev
05:29:38.885 [main] INFO  c.u.UUSTOPApplication - [logStarting,50] - Starting UUSTOPApplication on SD-20200427RWHO with PID 7764 (D:\bbbb\ymgj\target\classes started by Administrator in D:\bbbb\ymgj)
05:29:38.899 [main] INFO  c.u.UUSTOPApplication - [logStartupProfileInfo,684] - The following profiles are active: dev
05:32:30.341 [main] INFO  c.u.UUSTOPApplication - [logStarting,50] - Starting UUSTOPApplication on SD-20200427RWHO with PID 5520 (D:\bbbb\ymgj\target\classes started by Administrator in D:\bbbb\ymgj)
05:32:30.345 [main] INFO  c.u.UUSTOPApplication - [logStartupProfileInfo,684] - The following profiles are active: test
05:32:34.091 [main] INFO  o.a.c.h.Http11NioProtocol - [log,180] - Initializing ProtocolHandler ["http-nio-8080"]
05:32:34.101 [main] INFO  o.a.c.c.StandardService - [log,180] - Starting service [Tomcat]
05:32:34.101 [main] INFO  o.a.c.c.StandardEngine - [log,180] - Starting Servlet Engine: Apache Tomcat/8.5.34
05:32:34.105 [localhost-startStop-1] INFO  o.a.c.c.AprLifecycleListener - [log,180] - The APR based Apache Tomcat Native library which allows optimal performance in production environments was not found on the java.library.path: [D:\Program Files (x86)\jdk1.8\bin;C:\Windows\Sun\Java\bin;C:\Windows\system32;C:\Windows;C:\ProgramData\Oracle\Java\javapath;C:\Windows\system32;C:\Windows;C:\Windows\System32\Wbem;C:\Windows\System32\WindowsPowerShell\v1.0\;C:\Windows\System32\OpenSSH\;D:\Program Files (x86)\jdk1.8\bin;C:\Users\Administrator\AppData\Local\Microsoft\WindowsApps;;.]
05:32:34.216 [localhost-startStop-1] INFO  o.a.c.c.C.[.[.[/] - [log,180] - Initializing Spring embedded WebApplicationContext
05:32:36.468 [main] INFO  s.d.s.w.PropertySourcedRequestMappingHandlerMapping - [initHandlerMethods,69] - Mapped URL path [/v2/api-docs] onto method [public org.springframework.http.ResponseEntity<springfox.documentation.spring.web.json.Json> springfox.documentation.swagger2.web.Swagger2Controller.getDocumentation(java.lang.String,javax.servlet.http.HttpServletRequest)]
05:32:37.313 [main] INFO  i.l.c.EpollProvider - [info,101] - Starting without optional epoll library
05:32:37.314 [main] INFO  i.l.c.KqueueProvider - [info,101] - Starting without optional kqueue library
05:32:38.792 [main] INFO  s.d.s.w.p.DocumentationPluginsBootstrapper - [start,147] - Context refreshed
05:32:38.806 [main] INFO  s.d.s.w.p.DocumentationPluginsBootstrapper - [start,150] - Found 1 custom documentation plugin(s)
05:32:38.954 [main] INFO  s.d.s.w.s.ApiListingReferenceScanner - [scan,41] - Scanning for api listing references
05:32:39.069 [main] INFO  o.a.c.h.Http11NioProtocol - [log,180] - Starting ProtocolHandler ["http-nio-8080"]
05:32:39.070 [main] INFO  o.a.t.u.n.NioSelectorPool - [log,180] - Using a shared selector for servlet write/read
05:32:39.085 [main] INFO  c.u.UUSTOPApplication - [logStarted,59] - Started UUSTOPApplication in 9.077 seconds (JVM running for 10.276)
05:38:09.491 [main] INFO  c.u.UUSTOPApplication - [logStarting,50] - Starting UUSTOPApplication on SD-20200427RWHO with PID 11152 (D:\bbbb\ymgj\target\classes started by Administrator in D:\bbbb\ymgj)
05:38:09.495 [main] INFO  c.u.UUSTOPApplication - [logStartupProfileInfo,684] - The following profiles are active: test
05:38:13.250 [main] INFO  o.a.c.h.Http11NioProtocol - [log,180] - Initializing ProtocolHandler ["http-nio-8080"]
05:38:13.260 [main] INFO  o.a.c.c.StandardService - [log,180] - Starting service [Tomcat]
05:38:13.261 [main] INFO  o.a.c.c.StandardEngine - [log,180] - Starting Servlet Engine: Apache Tomcat/8.5.34
05:38:13.265 [localhost-startStop-1] INFO  o.a.c.c.AprLifecycleListener - [log,180] - The APR based Apache Tomcat Native library which allows optimal performance in production environments was not found on the java.library.path: [D:\Program Files (x86)\jdk1.8\bin;C:\Windows\Sun\Java\bin;C:\Windows\system32;C:\Windows;C:\ProgramData\Oracle\Java\javapath;C:\Windows\system32;C:\Windows;C:\Windows\System32\Wbem;C:\Windows\System32\WindowsPowerShell\v1.0\;C:\Windows\System32\OpenSSH\;D:\Program Files (x86)\jdk1.8\bin;C:\Users\Administrator\AppData\Local\Microsoft\WindowsApps;;.]
05:38:13.379 [localhost-startStop-1] INFO  o.a.c.c.C.[.[.[/] - [log,180] - Initializing Spring embedded WebApplicationContext
05:38:15.599 [main] INFO  s.d.s.w.PropertySourcedRequestMappingHandlerMapping - [initHandlerMethods,69] - Mapped URL path [/v2/api-docs] onto method [public org.springframework.http.ResponseEntity<springfox.documentation.spring.web.json.Json> springfox.documentation.swagger2.web.Swagger2Controller.getDocumentation(java.lang.String,javax.servlet.http.HttpServletRequest)]
05:38:16.415 [main] INFO  i.l.c.EpollProvider - [info,101] - Starting without optional epoll library
05:38:16.417 [main] INFO  i.l.c.KqueueProvider - [info,101] - Starting without optional kqueue library
05:38:17.869 [main] INFO  s.d.s.w.p.DocumentationPluginsBootstrapper - [start,147] - Context refreshed
05:38:17.883 [main] INFO  s.d.s.w.p.DocumentationPluginsBootstrapper - [start,150] - Found 1 custom documentation plugin(s)
05:38:18.028 [main] INFO  s.d.s.w.s.ApiListingReferenceScanner - [scan,41] - Scanning for api listing references
05:38:18.142 [main] INFO  o.a.c.h.Http11NioProtocol - [log,180] - Starting ProtocolHandler ["http-nio-8080"]
05:38:18.143 [main] INFO  o.a.t.u.n.NioSelectorPool - [log,180] - Using a shared selector for servlet write/read
05:38:18.159 [main] INFO  c.u.UUSTOPApplication - [logStarted,59] - Started UUSTOPApplication in 9.014 seconds (JVM running for 10.25)
08:39:26.152 [main] INFO  c.u.UUSTOPApplication - [logStarting,50] - Starting UUSTOPApplication on SD-20200427RWHO with PID 11032 (D:\bbbb\ymgj\target\classes started by Administrator in D:\bbbb\ymgj)
08:39:26.168 [main] INFO  c.u.UUSTOPApplication - [logStartupProfileInfo,684] - The following profiles are active: test
08:39:30.621 [main] INFO  o.a.c.h.Http11NioProtocol - [log,180] - Initializing ProtocolHandler ["http-nio-8080"]
08:39:30.621 [main] INFO  o.a.c.c.StandardService - [log,180] - Starting service [Tomcat]
08:39:30.621 [main] INFO  o.a.c.c.StandardEngine - [log,180] - Starting Servlet Engine: Apache Tomcat/8.5.34
08:39:30.636 [localhost-startStop-1] INFO  o.a.c.c.AprLifecycleListener - [log,180] - The APR based Apache Tomcat Native library which allows optimal performance in production environments was not found on the java.library.path: [D:\Program Files (x86)\jdk1.8\bin;C:\Windows\Sun\Java\bin;C:\Windows\system32;C:\Windows;C:\ProgramData\Oracle\Java\javapath;C:\Windows\system32;C:\Windows;C:\Windows\System32\Wbem;C:\Windows\System32\WindowsPowerShell\v1.0\;C:\Windows\System32\OpenSSH\;D:\Program Files (x86)\jdk1.8\bin;C:\Users\Administrator\AppData\Local\Microsoft\WindowsApps;;.]
08:39:30.746 [localhost-startStop-1] INFO  o.a.c.c.C.[.[.[/] - [log,180] - Initializing Spring embedded WebApplicationContext
08:39:32.839 [main] INFO  s.d.s.w.PropertySourcedRequestMappingHandlerMapping - [initHandlerMethods,69] - Mapped URL path [/v2/api-docs] onto method [public org.springframework.http.ResponseEntity<springfox.documentation.spring.web.json.Json> springfox.documentation.swagger2.web.Swagger2Controller.getDocumentation(java.lang.String,javax.servlet.http.HttpServletRequest)]
08:39:33.714 [main] INFO  i.l.c.EpollProvider - [info,101] - Starting without optional epoll library
08:39:33.714 [main] INFO  i.l.c.KqueueProvider - [info,101] - Starting without optional kqueue library
08:39:35.448 [main] INFO  s.d.s.w.p.DocumentationPluginsBootstrapper - [start,147] - Context refreshed
08:39:35.464 [main] INFO  s.d.s.w.p.DocumentationPluginsBootstrapper - [start,150] - Found 1 custom documentation plugin(s)
08:39:35.636 [main] INFO  s.d.s.w.s.ApiListingReferenceScanner - [scan,41] - Scanning for api listing references
08:39:36.276 [main] INFO  o.a.c.h.Http11NioProtocol - [log,180] - Starting ProtocolHandler ["http-nio-8080"]
08:39:36.276 [main] INFO  o.a.t.u.n.NioSelectorPool - [log,180] - Using a shared selector for servlet write/read
08:39:36.292 [main] INFO  c.u.UUSTOPApplication - [logStarted,59] - Started UUSTOPApplication in 10.655 seconds (JVM running for 13.57)
08:40:18.029 [http-nio-8080-exec-1] INFO  o.a.c.c.C.[.[.[/] - [log,180] - Initializing Spring FrameworkServlet 'dispatcherServlet'
08:40:18.066 [http-nio-8080-exec-1] INFO  o.a.s.s.m.AbstractValidatingSessionManager - [enableSessionValidation,233] - Enabling session validation scheduler...
08:40:40.835 [http-nio-8080-exec-1] INFO  c.a.d.p.DruidDataSource - [init,930] - {dataSource-1} inited
08:40:45.068 [pool-3-thread-1] INFO  sys-user - [run,108] - [127.0.0.1]内网IP[admin][Success][登录成功]
09:10:18.068 [SessionValidationThread-1] INFO  o.a.s.s.m.AbstractValidatingSessionManager - [validateSessions,275] - Validating all active sessions...
09:10:18.145 [SessionValidationThread-1] INFO  o.a.s.s.m.AbstractValidatingSessionManager - [validateSessions,308] - Finished session validation.  No sessions were stopped.
09:40:18.068 [SessionValidationThread-1] INFO  o.a.s.s.m.AbstractValidatingSessionManager - [validateSessions,275] - Validating all active sessions...
09:40:19.191 [SessionValidationThread-1] INFO  o.a.s.s.m.AbstractValidatingSessionManager - [validateSessions,308] - Finished session validation.  [1] sessions were stopped.
10:10:18.068 [SessionValidationThread-1] INFO  o.a.s.s.m.AbstractValidatingSessionManager - [validateSessions,275] - Validating all active sessions...
10:10:18.179 [SessionValidationThread-1] INFO  o.a.s.s.m.AbstractValidatingSessionManager - [validateSessions,308] - Finished session validation.  No sessions were stopped.
10:40:18.068 [SessionValidationThread-1] INFO  o.a.s.s.m.AbstractValidatingSessionManager - [validateSessions,275] - Validating all active sessions...
10:40:18.194 [SessionValidationThread-1] INFO  o.a.s.s.m.AbstractValidatingSessionManager - [validateSessions,308] - Finished session validation.  No sessions were stopped.
11:10:18.069 [SessionValidationThread-1] INFO  o.a.s.s.m.AbstractValidatingSessionManager - [validateSessions,275] - Validating all active sessions...
11:10:18.229 [SessionValidationThread-1] INFO  o.a.s.s.m.AbstractValidatingSessionManager - [validateSessions,308] - Finished session validation.  No sessions were stopped.
11:40:18.068 [SessionValidationThread-1] INFO  o.a.s.s.m.AbstractValidatingSessionManager - [validateSessions,275] - Validating all active sessions...
11:40:18.179 [SessionValidationThread-1] INFO  o.a.s.s.m.AbstractValidatingSessionManager - [validateSessions,308] - Finished session validation.  No sessions were stopped.
12:10:18.068 [SessionValidationThread-1] INFO  o.a.s.s.m.AbstractValidatingSessionManager - [validateSessions,275] - Validating all active sessions...
12:10:18.153 [SessionValidationThread-1] INFO  o.a.s.s.m.AbstractValidatingSessionManager - [validateSessions,308] - Finished session validation.  No sessions were stopped.
12:34:02.981 [pool-3-thread-1] INFO  sys-user - [run,108] - [127.0.0.1]内网IP[admin][Success][登录成功]
12:40:18.069 [SessionValidationThread-1] INFO  o.a.s.s.m.AbstractValidatingSessionManager - [validateSessions,275] - Validating all active sessions...
12:40:18.129 [SessionValidationThread-1] INFO  o.a.s.s.m.AbstractValidatingSessionManager - [validateSessions,308] - Finished session validation.  No sessions were stopped.
12:41:13.182 [pool-3-thread-3] INFO  sys-user - [run,108] - [127.0.0.1]内网IP[admin][Logout][退出成功]
12:41:20.086 [pool-3-thread-2] INFO  sys-user - [run,108] - [127.0.0.1]内网IP[admin][Success][登录成功]
12:58:43.116 [main] INFO  c.u.UUSTOPApplication - [logStarting,50] - Starting UUSTOPApplication on SD-20200427RWHO with PID 12148 (D:\bbbb\ymgj\target\classes started by Administrator in D:\bbbb\ymgj)
12:58:43.129 [main] INFO  c.u.UUSTOPApplication - [logStartupProfileInfo,684] - The following profiles are active: test
12:58:46.902 [main] INFO  o.a.c.h.Http11NioProtocol - [log,180] - Initializing ProtocolHandler ["http-nio-8080"]
12:58:46.913 [main] INFO  o.a.c.c.StandardService - [log,180] - Starting service [Tomcat]
12:58:46.914 [main] INFO  o.a.c.c.StandardEngine - [log,180] - Starting Servlet Engine: Apache Tomcat/8.5.34
12:58:46.918 [localhost-startStop-1] INFO  o.a.c.c.AprLifecycleListener - [log,180] - The APR based Apache Tomcat Native library which allows optimal performance in production environments was not found on the java.library.path: [D:\Program Files (x86)\jdk1.8\bin;C:\Windows\Sun\Java\bin;C:\Windows\system32;C:\Windows;C:\ProgramData\Oracle\Java\javapath;C:\Windows\system32;C:\Windows;C:\Windows\System32\Wbem;C:\Windows\System32\WindowsPowerShell\v1.0\;C:\Windows\System32\OpenSSH\;D:\Program Files (x86)\jdk1.8\bin;C:\Users\Administrator\AppData\Local\Microsoft\WindowsApps;;.]
12:58:47.037 [localhost-startStop-1] INFO  o.a.c.c.C.[.[.[/] - [log,180] - Initializing Spring embedded WebApplicationContext
12:58:49.354 [main] INFO  s.d.s.w.PropertySourcedRequestMappingHandlerMapping - [initHandlerMethods,69] - Mapped URL path [/v2/api-docs] onto method [public org.springframework.http.ResponseEntity<springfox.documentation.spring.web.json.Json> springfox.documentation.swagger2.web.Swagger2Controller.getDocumentation(java.lang.String,javax.servlet.http.HttpServletRequest)]
12:58:50.185 [main] INFO  i.l.c.EpollProvider - [info,101] - Starting without optional epoll library
12:58:50.186 [main] INFO  i.l.c.KqueueProvider - [info,101] - Starting without optional kqueue library
12:58:51.717 [main] INFO  s.d.s.w.p.DocumentationPluginsBootstrapper - [start,147] - Context refreshed
12:58:51.732 [main] INFO  s.d.s.w.p.DocumentationPluginsBootstrapper - [start,150] - Found 1 custom documentation plugin(s)
12:58:51.870 [main] INFO  s.d.s.w.s.ApiListingReferenceScanner - [scan,41] - Scanning for api listing references
12:58:52.034 [main] INFO  o.a.c.h.Http11NioProtocol - [log,180] - Starting ProtocolHandler ["http-nio-8080"]
12:58:52.036 [main] INFO  o.a.t.u.n.NioSelectorPool - [log,180] - Using a shared selector for servlet write/read
12:58:52.051 [main] INFO  c.u.UUSTOPApplication - [logStarted,59] - Started UUSTOPApplication in 9.285 seconds (JVM running for 10.505)
12:59:01.346 [http-nio-8080-exec-1] INFO  o.a.c.c.C.[.[.[/] - [log,180] - Initializing Spring FrameworkServlet 'dispatcherServlet'
12:59:01.379 [http-nio-8080-exec-1] INFO  o.a.s.s.m.AbstractValidatingSessionManager - [enableSessionValidation,233] - Enabling session validation scheduler...
12:59:01.612 [http-nio-8080-exec-1] INFO  c.a.d.p.DruidDataSource - [init,930] - {dataSource-1} inited
12:59:15.937 [pool-3-thread-1] INFO  sys-user - [run,108] - [127.0.0.1]内网IP[admin][Success][登录成功]
13:01:50.747 [main] INFO  c.u.UUSTOPApplication - [logStarting,50] - Starting UUSTOPApplication on SD-20200427RWHO with PID 4824 (D:\bbbb\ymgj\target\classes started by Administrator in D:\bbbb\ymgj)
13:01:50.750 [main] INFO  c.u.UUSTOPApplication - [logStartupProfileInfo,684] - The following profiles are active: test
13:01:54.459 [main] INFO  o.a.c.h.Http11NioProtocol - [log,180] - Initializing ProtocolHandler ["http-nio-8080"]
13:01:54.469 [main] INFO  o.a.c.c.StandardService - [log,180] - Starting service [Tomcat]
13:01:54.469 [main] INFO  o.a.c.c.StandardEngine - [log,180] - Starting Servlet Engine: Apache Tomcat/8.5.34
13:01:54.473 [localhost-startStop-1] INFO  o.a.c.c.AprLifecycleListener - [log,180] - The APR based Apache Tomcat Native library which allows optimal performance in production environments was not found on the java.library.path: [D:\Program Files (x86)\jdk1.8\bin;C:\Windows\Sun\Java\bin;C:\Windows\system32;C:\Windows;C:\ProgramData\Oracle\Java\javapath;C:\Windows\system32;C:\Windows;C:\Windows\System32\Wbem;C:\Windows\System32\WindowsPowerShell\v1.0\;C:\Windows\System32\OpenSSH\;D:\Program Files (x86)\jdk1.8\bin;C:\Users\Administrator\AppData\Local\Microsoft\WindowsApps;;.]
13:01:54.579 [localhost-startStop-1] INFO  o.a.c.c.C.[.[.[/] - [log,180] - Initializing Spring embedded WebApplicationContext
13:01:56.836 [main] INFO  s.d.s.w.PropertySourcedRequestMappingHandlerMapping - [initHandlerMethods,69] - Mapped URL path [/v2/api-docs] onto method [public org.springframework.http.ResponseEntity<springfox.documentation.spring.web.json.Json> springfox.documentation.swagger2.web.Swagger2Controller.getDocumentation(java.lang.String,javax.servlet.http.HttpServletRequest)]
13:01:57.712 [main] INFO  i.l.c.EpollProvider - [info,101] - Starting without optional epoll library
13:01:57.713 [main] INFO  i.l.c.KqueueProvider - [info,101] - Starting without optional kqueue library
13:01:59.135 [main] INFO  s.d.s.w.p.DocumentationPluginsBootstrapper - [start,147] - Context refreshed
13:01:59.148 [main] INFO  s.d.s.w.p.DocumentationPluginsBootstrapper - [start,150] - Found 1 custom documentation plugin(s)
13:01:59.293 [main] INFO  s.d.s.w.s.ApiListingReferenceScanner - [scan,41] - Scanning for api listing references
13:01:59.437 [main] INFO  o.a.c.h.Http11NioProtocol - [log,180] - Starting ProtocolHandler ["http-nio-8080"]
13:01:59.438 [main] INFO  o.a.t.u.n.NioSelectorPool - [log,180] - Using a shared selector for servlet write/read
13:01:59.453 [main] INFO  c.u.UUSTOPApplication - [logStarted,59] - Started UUSTOPApplication in 9.037 seconds (JVM running for 10.235)
14:17:19.254 [lettuce-eventExecutorLoop-1-3] INFO  i.l.c.p.ConnectionWatchdog - [info,106] - Reconnecting, last destination was /61.181.76.60:6379
14:17:29.352 [lettuce-eventExecutorLoop-1-4] INFO  i.l.c.p.ConnectionWatchdog - [info,106] - Reconnecting, last destination was 61.181.76.60:6379
14:17:39.453 [lettuce-eventExecutorLoop-1-5] INFO  i.l.c.p.ConnectionWatchdog - [info,106] - Reconnecting, last destination was 61.181.76.60:6379
14:17:49.553 [lettuce-eventExecutorLoop-1-6] INFO  i.l.c.p.ConnectionWatchdog - [info,106] - Reconnecting, last destination was 61.181.76.60:6379
14:17:49.579 [lettuce-nioEventLoop-4-6] INFO  i.l.c.p.ReconnectionHandler - [info,106] - Reconnected to 61.181.76.60:6379
15:30:49.531 [main] INFO  c.u.UUSTOPApplication - [logStarting,50] - Starting UUSTOPApplication on SD-20200427RWHO with PID 2564 (D:\bbbb\ymgj\target\classes started by Administrator in D:\bbbb\ymgj)
15:30:49.547 [main] INFO  c.u.UUSTOPApplication - [logStartupProfileInfo,684] - The following profiles are active: test
15:30:53.347 [main] INFO  o.a.c.h.Http11NioProtocol - [log,180] - Initializing ProtocolHandler ["http-nio-8080"]
15:30:53.359 [main] INFO  o.a.c.c.StandardService - [log,180] - Starting service [Tomcat]
15:30:53.359 [main] INFO  o.a.c.c.StandardEngine - [log,180] - Starting Servlet Engine: Apache Tomcat/8.5.34
15:30:53.364 [localhost-startStop-1] INFO  o.a.c.c.AprLifecycleListener - [log,180] - The APR based Apache Tomcat Native library which allows optimal performance in production environments was not found on the java.library.path: [D:\Program Files (x86)\jdk1.8\bin;C:\Windows\Sun\Java\bin;C:\Windows\system32;C:\Windows;C:\ProgramData\Oracle\Java\javapath;C:\Windows\system32;C:\Windows;C:\Windows\System32\Wbem;C:\Windows\System32\WindowsPowerShell\v1.0\;C:\Windows\System32\OpenSSH\;D:\Program Files (x86)\jdk1.8\bin;C:\Users\Administrator\AppData\Local\Microsoft\WindowsApps;;.]
15:30:53.482 [localhost-startStop-1] INFO  o.a.c.c.C.[.[.[/] - [log,180] - Initializing Spring embedded WebApplicationContext
15:30:55.912 [main] INFO  s.d.s.w.PropertySourcedRequestMappingHandlerMapping - [initHandlerMethods,69] - Mapped URL path [/v2/api-docs] onto method [public org.springframework.http.ResponseEntity<springfox.documentation.spring.web.json.Json> springfox.documentation.swagger2.web.Swagger2Controller.getDocumentation(java.lang.String,javax.servlet.http.HttpServletRequest)]
15:30:56.846 [main] INFO  i.l.c.EpollProvider - [info,101] - Starting without optional epoll library
15:30:56.847 [main] INFO  i.l.c.KqueueProvider - [info,101] - Starting without optional kqueue library
15:30:58.281 [main] INFO  s.d.s.w.p.DocumentationPluginsBootstrapper - [start,147] - Context refreshed
15:30:58.293 [main] INFO  s.d.s.w.p.DocumentationPluginsBootstrapper - [start,150] - Found 1 custom documentation plugin(s)
15:30:58.437 [main] INFO  s.d.s.w.s.ApiListingReferenceScanner - [scan,41] - Scanning for api listing references
15:30:58.545 [main] INFO  o.a.c.h.Http11NioProtocol - [log,180] - Starting ProtocolHandler ["http-nio-8080"]
15:30:58.546 [main] INFO  o.a.t.u.n.NioSelectorPool - [log,180] - Using a shared selector for servlet write/read
15:30:58.562 [main] INFO  c.u.UUSTOPApplication - [logStarted,59] - Started UUSTOPApplication in 9.383 seconds (JVM running for 10.606)
15:32:30.447 [http-nio-8080-exec-2] INFO  o.a.c.c.C.[.[.[/] - [log,180] - Initializing Spring FrameworkServlet 'dispatcherServlet'
15:32:30.480 [http-nio-8080-exec-2] INFO  o.a.s.s.m.AbstractValidatingSessionManager - [enableSessionValidation,233] - Enabling session validation scheduler...
15:32:52.390 [http-nio-8080-exec-9] INFO  c.a.d.p.DruidDataSource - [init,930] - {dataSource-1} inited
15:32:53.730 [pool-3-thread-1] INFO  sys-user - [run,108] - [127.0.0.1]内网IP[admin][Success][登录成功]
15:35:50.235 [pool-3-thread-1] INFO  sys-user - [run,108] - [127.0.0.1]内网IP[admin][Success][登录成功]
15:41:38.349 [main] INFO  c.u.UUSTOPApplication - [logStarting,50] - Starting UUSTOPApplication on SD-20200427RWHO with PID 1560 (D:\bbbb\ymgj\target\classes started by Administrator in D:\bbbb\ymgj)
15:41:38.353 [main] INFO  c.u.UUSTOPApplication - [logStartupProfileInfo,684] - The following profiles are active: test
15:41:42.334 [main] INFO  o.a.c.h.Http11NioProtocol - [log,180] - Initializing ProtocolHandler ["http-nio-8080"]
15:41:42.348 [main] INFO  o.a.c.c.StandardService - [log,180] - Starting service [Tomcat]
15:41:42.348 [main] INFO  o.a.c.c.StandardEngine - [log,180] - Starting Servlet Engine: Apache Tomcat/8.5.34
15:41:42.353 [localhost-startStop-1] INFO  o.a.c.c.AprLifecycleListener - [log,180] - The APR based Apache Tomcat Native library which allows optimal performance in production environments was not found on the java.library.path: [D:\Program Files (x86)\jdk1.8\bin;C:\Windows\Sun\Java\bin;C:\Windows\system32;C:\Windows;C:\ProgramData\Oracle\Java\javapath;C:\Windows\system32;C:\Windows;C:\Windows\System32\Wbem;C:\Windows\System32\WindowsPowerShell\v1.0\;C:\Windows\System32\OpenSSH\;D:\Program Files (x86)\jdk1.8\bin;C:\Users\Administrator\AppData\Local\Microsoft\WindowsApps;;.]
15:41:42.477 [localhost-startStop-1] INFO  o.a.c.c.C.[.[.[/] - [log,180] - Initializing Spring embedded WebApplicationContext
15:41:45.096 [main] INFO  s.d.s.w.PropertySourcedRequestMappingHandlerMapping - [initHandlerMethods,69] - Mapped URL path [/v2/api-docs] onto method [public org.springframework.http.ResponseEntity<springfox.documentation.spring.web.json.Json> springfox.documentation.swagger2.web.Swagger2Controller.getDocumentation(java.lang.String,javax.servlet.http.HttpServletRequest)]
15:41:45.940 [main] INFO  i.l.c.EpollProvider - [info,101] - Starting without optional epoll library
15:41:45.942 [main] INFO  i.l.c.KqueueProvider - [info,101] - Starting without optional kqueue library
15:41:47.260 [main] INFO  s.d.s.w.p.DocumentationPluginsBootstrapper - [start,147] - Context refreshed
15:41:47.273 [main] INFO  s.d.s.w.p.DocumentationPluginsBootstrapper - [start,150] - Found 1 custom documentation plugin(s)
15:41:47.417 [main] INFO  s.d.s.w.s.ApiListingReferenceScanner - [scan,41] - Scanning for api listing references
15:41:47.550 [main] INFO  o.a.c.h.Http11NioProtocol - [log,180] - Starting ProtocolHandler ["http-nio-8080"]
15:41:47.551 [main] INFO  o.a.t.u.n.NioSelectorPool - [log,180] - Using a shared selector for servlet write/read
15:41:47.566 [main] INFO  c.u.UUSTOPApplication - [logStarted,59] - Started UUSTOPApplication in 9.593 seconds (JVM running for 10.859)
15:43:02.155 [http-nio-8080-exec-1] INFO  o.a.c.c.C.[.[.[/] - [log,180] - Initializing Spring FrameworkServlet 'dispatcherServlet'
15:43:02.191 [http-nio-8080-exec-1] INFO  o.a.s.s.m.AbstractValidatingSessionManager - [enableSessionValidation,233] - Enabling session validation scheduler...
15:43:02.416 [http-nio-8080-exec-1] INFO  c.a.d.p.DruidDataSource - [init,930] - {dataSource-1} inited
15:43:21.494 [main] INFO  c.u.UUSTOPApplication - [logStarting,50] - Starting UUSTOPApplication on SD-20200427RWHO with PID 8540 (D:\bbbb\ymgj\target\classes started by Administrator in D:\bbbb\ymgj)
15:43:21.497 [main] INFO  c.u.UUSTOPApplication - [logStartupProfileInfo,684] - The following profiles are active: test
15:43:25.176 [main] INFO  o.a.c.h.Http11NioProtocol - [log,180] - Initializing ProtocolHandler ["http-nio-8080"]
15:43:25.185 [main] INFO  o.a.c.c.StandardService - [log,180] - Starting service [Tomcat]
15:43:25.186 [main] INFO  o.a.c.c.StandardEngine - [log,180] - Starting Servlet Engine: Apache Tomcat/8.5.34
15:43:25.190 [localhost-startStop-1] INFO  o.a.c.c.AprLifecycleListener - [log,180] - The APR based Apache Tomcat Native library which allows optimal performance in production environments was not found on the java.library.path: [D:\Program Files (x86)\jdk1.8\bin;C:\Windows\Sun\Java\bin;C:\Windows\system32;C:\Windows;C:\ProgramData\Oracle\Java\javapath;C:\Windows\system32;C:\Windows;C:\Windows\System32\Wbem;C:\Windows\System32\WindowsPowerShell\v1.0\;C:\Windows\System32\OpenSSH\;D:\Program Files (x86)\jdk1.8\bin;C:\Users\Administrator\AppData\Local\Microsoft\WindowsApps;;.]
15:43:25.296 [localhost-startStop-1] INFO  o.a.c.c.C.[.[.[/] - [log,180] - Initializing Spring embedded WebApplicationContext
15:43:27.473 [main] INFO  s.d.s.w.PropertySourcedRequestMappingHandlerMapping - [initHandlerMethods,69] - Mapped URL path [/v2/api-docs] onto method [public org.springframework.http.ResponseEntity<springfox.documentation.spring.web.json.Json> springfox.documentation.swagger2.web.Swagger2Controller.getDocumentation(java.lang.String,javax.servlet.http.HttpServletRequest)]
15:43:28.302 [main] INFO  i.l.c.EpollProvider - [info,101] - Starting without optional epoll library
15:43:28.303 [main] INFO  i.l.c.KqueueProvider - [info,101] - Starting without optional kqueue library
15:43:29.706 [main] INFO  s.d.s.w.p.DocumentationPluginsBootstrapper - [start,147] - Context refreshed
15:43:29.719 [main] INFO  s.d.s.w.p.DocumentationPluginsBootstrapper - [start,150] - Found 1 custom documentation plugin(s)
15:43:29.863 [main] INFO  s.d.s.w.s.ApiListingReferenceScanner - [scan,41] - Scanning for api listing references
15:43:29.999 [main] INFO  o.a.c.h.Http11NioProtocol - [log,180] - Starting ProtocolHandler ["http-nio-8080"]
15:43:30.000 [main] INFO  o.a.t.u.n.NioSelectorPool - [log,180] - Using a shared selector for servlet write/read
15:43:30.021 [main] INFO  c.u.UUSTOPApplication - [logStarted,59] - Started UUSTOPApplication in 8.92 seconds (JVM running for 10.119)
15:46:24.315 [http-nio-8080-exec-1] INFO  o.a.c.c.C.[.[.[/] - [log,180] - Initializing Spring FrameworkServlet 'dispatcherServlet'
15:46:24.354 [http-nio-8080-exec-1] INFO  o.a.s.s.m.AbstractValidatingSessionManager - [enableSessionValidation,233] - Enabling session validation scheduler...
15:46:24.659 [http-nio-8080-exec-1] INFO  c.a.d.p.DruidDataSource - [init,930] - {dataSource-1} inited
17:07:36.046 [main] INFO  c.u.UUSTOPApplication - [logStarting,50] - Starting UUSTOPApplication on SD-20200427RWHO with PID 8740 (D:\bbbb\ymgj\target\classes started by Administrator in D:\bbbb\ymgj)
17:07:36.049 [main] INFO  c.u.UUSTOPApplication - [logStartupProfileInfo,684] - The following profiles are active: test
17:07:39.829 [main] INFO  o.a.c.h.Http11NioProtocol - [log,180] - Initializing ProtocolHandler ["http-nio-8080"]
17:07:39.839 [main] INFO  o.a.c.c.StandardService - [log,180] - Starting service [Tomcat]
17:07:39.839 [main] INFO  o.a.c.c.StandardEngine - [log,180] - Starting Servlet Engine: Apache Tomcat/8.5.34
17:07:39.843 [localhost-startStop-1] INFO  o.a.c.c.AprLifecycleListener - [log,180] - The APR based Apache Tomcat Native library which allows optimal performance in production environments was not found on the java.library.path: [D:\Program Files (x86)\jdk1.8\bin;C:\Windows\Sun\Java\bin;C:\Windows\system32;C:\Windows;C:\ProgramData\Oracle\Java\javapath;C:\Windows\system32;C:\Windows;C:\Windows\System32\Wbem;C:\Windows\System32\WindowsPowerShell\v1.0\;C:\Windows\System32\OpenSSH\;D:\Program Files (x86)\jdk1.8\bin;C:\Users\Administrator\AppData\Local\Microsoft\WindowsApps;;.]
17:07:39.957 [localhost-startStop-1] INFO  o.a.c.c.C.[.[.[/] - [log,180] - Initializing Spring embedded WebApplicationContext
17:07:42.179 [main] INFO  s.d.s.w.PropertySourcedRequestMappingHandlerMapping - [initHandlerMethods,69] - Mapped URL path [/v2/api-docs] onto method [public org.springframework.http.ResponseEntity<springfox.documentation.spring.web.json.Json> springfox.documentation.swagger2.web.Swagger2Controller.getDocumentation(java.lang.String,javax.servlet.http.HttpServletRequest)]
17:07:42.995 [main] INFO  i.l.c.EpollProvider - [info,101] - Starting without optional epoll library
17:07:42.996 [main] INFO  i.l.c.KqueueProvider - [info,101] - Starting without optional kqueue library
17:07:44.403 [main] INFO  s.d.s.w.p.DocumentationPluginsBootstrapper - [start,147] - Context refreshed
17:07:44.415 [main] INFO  s.d.s.w.p.DocumentationPluginsBootstrapper - [start,150] - Found 1 custom documentation plugin(s)
17:07:44.560 [main] INFO  s.d.s.w.s.ApiListingReferenceScanner - [scan,41] - Scanning for api listing references
17:07:44.704 [main] INFO  o.a.c.h.Http11NioProtocol - [log,180] - Starting ProtocolHandler ["http-nio-8080"]
17:07:44.705 [main] INFO  o.a.t.u.n.NioSelectorPool - [log,180] - Using a shared selector for servlet write/read
17:07:44.720 [main] INFO  c.u.UUSTOPApplication - [logStarted,59] - Started UUSTOPApplication in 9.022 seconds (JVM running for 10.23)
17:07:53.612 [http-nio-8080-exec-1] INFO  o.a.c.c.C.[.[.[/] - [log,180] - Initializing Spring FrameworkServlet 'dispatcherServlet'
17:07:53.649 [http-nio-8080-exec-1] INFO  o.a.s.s.m.AbstractValidatingSessionManager - [enableSessionValidation,233] - Enabling session validation scheduler...
17:09:03.914 [http-nio-8080-exec-15] INFO  c.a.d.p.DruidDataSource - [init,930] - {dataSource-1} inited
17:09:04.674 [pool-3-thread-1] INFO  sys-user - [run,108] - [127.0.0.1]内网IP[admin][Success][登录成功]
17:13:58.959 [pool-3-thread-1] INFO  sys-user - [run,108] - [127.0.0.1]内网IP[admin][Success][登录成功]
17:37:53.651 [SessionValidationThread-1] INFO  o.a.s.s.m.AbstractValidatingSessionManager - [validateSessions,275] - Validating all active sessions...
17:37:53.785 [SessionValidationThread-1] INFO  o.a.s.s.m.AbstractValidatingSessionManager - [validateSessions,308] - Finished session validation.  [1] sessions were stopped.
17:38:30.660 [pool-3-thread-2] INFO  sys-user - [run,108] - [127.0.0.1]内网IP[admin][Success][登录成功]
