11:13:56.507 [restartedMain] INFO  c.u.UUSTOPApplication - [logStarting,50] - Starting UUSTOPApplication on cyn-PC with PID 6072 (E:\svn\produce\ymgj\target\classes started by cyn in E:\svn\produce\ymgj)
11:13:56.515 [restartedMain] INFO  c.u.UUSTOPApplication - [logStartupProfileInfo,684] - The following profiles are active: dev
11:14:01.303 [restartedMain] INFO  o.a.s.c.e.EhCacheManager - [getCache,158] - Cache with name 'com.uustop.framework.shiro.realm.UserRealm.authorizationCache' does not yet exist.  Creating now.
11:14:01.304 [restartedMain] INFO  o.a.s.c.e.EhCacheManager - [getCache,165] - Added EhCache named [com.uustop.framework.shiro.realm.UserRealm.authorizationCache]
11:14:03.188 [restartedMain] INFO  o.a.s.c.e.EhCacheManager - [getCache,169] - Using existing EHCache named [loginRecordCache]
11:14:03.881 [restartedMain] INFO  o.a.c.h.Http11NioProtocol - [log,180] - Initializing ProtocolHandler ["http-nio-8080"]
11:14:03.890 [restartedMain] INFO  o.a.c.c.StandardService - [log,180] - Starting service [Tomcat]
11:14:03.890 [restartedMain] INFO  o.a.c.c.StandardEngine - [log,180] - Starting Servlet Engine: Apache Tomcat/8.5.34
11:14:03.894 [localhost-startStop-1] INFO  o.a.c.c.AprLifecycleListener - [log,180] - The APR based Apache Tomcat Native library which allows optimal performance in production environments was not found on the java.library.path: [F:\jdk\jdk1.8.0_151\bin;C:\Windows\Sun\Java\bin;C:\Windows\system32;C:\Windows;C:\Windows\system32;C:\Windows;C:\Windows\System32\Wbem;C:\Windows\System32\WindowsPowerShell\v1.0\;C:\Program Files (x86)\NVIDIA Corporation\PhysX\Common;C:\Program Files\NVIDIA Corporation\NVIDIA NvDLISR;C:\Program Files\TortoiseSVN\bin;F:\apache-maven-3.3.9\bin;F:\jdk\jdk1.8.0_151\bin;F:\jdk\jdk1.8.0_151\jre\bin;F:\mysql-5.7.20-winx64\bin;.]
11:14:03.967 [localhost-startStop-1] INFO  o.a.c.c.C.[.[.[/] - [log,180] - Initializing Spring embedded WebApplicationContext
11:14:04.193 [restartedMain] INFO  c.a.d.p.DruidDataSource - [init,930] - {dataSource-1} inited
11:14:05.832 [restartedMain] INFO  s.d.s.w.PropertySourcedRequestMappingHandlerMapping - [initHandlerMethods,69] - Mapped URL path [/v2/api-docs] onto method [public org.springframework.http.ResponseEntity<springfox.documentation.spring.web.json.Json> springfox.documentation.swagger2.web.Swagger2Controller.getDocumentation(java.lang.String,javax.servlet.http.HttpServletRequest)]
11:14:06.832 [restartedMain] INFO  s.d.s.w.p.DocumentationPluginsBootstrapper - [start,147] - Context refreshed
11:14:06.844 [restartedMain] INFO  s.d.s.w.p.DocumentationPluginsBootstrapper - [start,150] - Found 1 custom documentation plugin(s)
11:14:06.960 [restartedMain] INFO  s.d.s.w.s.ApiListingReferenceScanner - [scan,41] - Scanning for api listing references
11:14:06.983 [restartedMain] INFO  o.a.c.h.Http11NioProtocol - [log,180] - Starting ProtocolHandler ["http-nio-8080"]
11:14:06.999 [restartedMain] INFO  o.a.t.u.n.NioSelectorPool - [log,180] - Using a shared selector for servlet write/read
11:14:07.040 [restartedMain] INFO  c.u.UUSTOPApplication - [logStarted,59] - Started UUSTOPApplication in 11.016 seconds (JVM running for 12.055)
11:14:39.398 [http-nio-8080-exec-21] INFO  o.a.c.c.C.[.[.[/] - [log,180] - Initializing Spring FrameworkServlet 'dispatcherServlet'
11:14:39.523 [http-nio-8080-exec-21] INFO  o.a.s.s.m.AbstractValidatingSessionManager - [enableSessionValidation,233] - Enabling session validation scheduler...
11:14:39.589 [http-nio-8080-exec-21] INFO  o.a.s.c.e.EhCacheManager - [getCache,158] - Cache with name 'shiro-activeSessionCache' does not yet exist.  Creating now.
11:14:39.589 [http-nio-8080-exec-21] INFO  o.a.s.c.e.EhCacheManager - [getCache,165] - Added EhCache named [shiro-activeSessionCache]
11:14:40.576 [pool-2-thread-1] INFO  c.u.f.s.w.s.OnlineWebSessionManager - [validateSessions,86] - invalidation sessions...
11:14:40.703 [pool-2-thread-1] INFO  c.u.f.s.w.s.OnlineWebSessionManager - [validateSessions,145] - Finished invalidation session. [1] sessions were stopped.
11:14:48.416 [pool-3-thread-1] INFO  sys-user - [run,108] - [127.0.0.1]内网IP[admin][Success][登录成功]
11:15:36.692 [pool-3-thread-2] INFO  sys-user - [run,108] - [127.0.0.1]内网IP[admin][Success][登录成功]
11:24:40.589 [pool-2-thread-1] INFO  c.u.f.s.w.s.OnlineWebSessionManager - [validateSessions,86] - invalidation sessions...
11:24:40.592 [pool-2-thread-1] INFO  c.u.f.s.w.s.OnlineWebSessionManager - [validateSessions,145] - Finished invalidation session. No sessions were stopped.
11:34:40.654 [pool-2-thread-1] INFO  c.u.f.s.w.s.OnlineWebSessionManager - [validateSessions,86] - invalidation sessions...
11:34:40.660 [pool-2-thread-1] INFO  c.u.f.s.w.s.OnlineWebSessionManager - [validateSessions,145] - Finished invalidation session. No sessions were stopped.
11:44:40.718 [pool-2-thread-1] INFO  c.u.f.s.w.s.OnlineWebSessionManager - [validateSessions,86] - invalidation sessions...
11:44:40.724 [pool-2-thread-1] INFO  c.u.f.s.w.s.OnlineWebSessionManager - [validateSessions,145] - Finished invalidation session. No sessions were stopped.
11:54:40.783 [pool-2-thread-1] INFO  c.u.f.s.w.s.OnlineWebSessionManager - [validateSessions,86] - invalidation sessions...
11:54:40.808 [pool-2-thread-1] INFO  c.u.f.s.w.s.OnlineWebSessionManager - [validateSessions,145] - Finished invalidation session. [2] sessions were stopped.
12:04:40.848 [pool-2-thread-1] INFO  c.u.f.s.w.s.OnlineWebSessionManager - [validateSessions,86] - invalidation sessions...
12:04:40.860 [pool-2-thread-1] INFO  c.u.f.s.w.s.OnlineWebSessionManager - [validateSessions,145] - Finished invalidation session. No sessions were stopped.
12:14:40.913 [pool-2-thread-1] INFO  c.u.f.s.w.s.OnlineWebSessionManager - [validateSessions,86] - invalidation sessions...
12:14:40.918 [pool-2-thread-1] INFO  c.u.f.s.w.s.OnlineWebSessionManager - [validateSessions,145] - Finished invalidation session. No sessions were stopped.
12:24:40.977 [pool-2-thread-1] INFO  c.u.f.s.w.s.OnlineWebSessionManager - [validateSessions,86] - invalidation sessions...
12:24:40.983 [pool-2-thread-1] INFO  c.u.f.s.w.s.OnlineWebSessionManager - [validateSessions,145] - Finished invalidation session. No sessions were stopped.
12:34:41.042 [pool-2-thread-1] INFO  c.u.f.s.w.s.OnlineWebSessionManager - [validateSessions,86] - invalidation sessions...
12:34:41.047 [pool-2-thread-1] INFO  c.u.f.s.w.s.OnlineWebSessionManager - [validateSessions,145] - Finished invalidation session. No sessions were stopped.
12:44:41.107 [pool-2-thread-1] INFO  c.u.f.s.w.s.OnlineWebSessionManager - [validateSessions,86] - invalidation sessions...
12:44:41.112 [pool-2-thread-1] INFO  c.u.f.s.w.s.OnlineWebSessionManager - [validateSessions,145] - Finished invalidation session. No sessions were stopped.
12:54:41.172 [pool-2-thread-1] INFO  c.u.f.s.w.s.OnlineWebSessionManager - [validateSessions,86] - invalidation sessions...
12:54:41.177 [pool-2-thread-1] INFO  c.u.f.s.w.s.OnlineWebSessionManager - [validateSessions,145] - Finished invalidation session. No sessions were stopped.
13:04:41.236 [pool-2-thread-1] INFO  c.u.f.s.w.s.OnlineWebSessionManager - [validateSessions,86] - invalidation sessions...
13:04:41.242 [pool-2-thread-1] INFO  c.u.f.s.w.s.OnlineWebSessionManager - [validateSessions,145] - Finished invalidation session. No sessions were stopped.
13:14:41.301 [pool-2-thread-1] INFO  c.u.f.s.w.s.OnlineWebSessionManager - [validateSessions,86] - invalidation sessions...
13:14:41.306 [pool-2-thread-1] INFO  c.u.f.s.w.s.OnlineWebSessionManager - [validateSessions,145] - Finished invalidation session. No sessions were stopped.
13:24:41.366 [pool-2-thread-1] INFO  c.u.f.s.w.s.OnlineWebSessionManager - [validateSessions,86] - invalidation sessions...
13:24:41.368 [pool-2-thread-1] INFO  c.u.f.s.w.s.OnlineWebSessionManager - [validateSessions,145] - Finished invalidation session. No sessions were stopped.
13:34:41.430 [pool-2-thread-1] INFO  c.u.f.s.w.s.OnlineWebSessionManager - [validateSessions,86] - invalidation sessions...
13:34:41.436 [pool-2-thread-1] INFO  c.u.f.s.w.s.OnlineWebSessionManager - [validateSessions,145] - Finished invalidation session. No sessions were stopped.
13:44:41.495 [pool-2-thread-1] INFO  c.u.f.s.w.s.OnlineWebSessionManager - [validateSessions,86] - invalidation sessions...
13:44:41.500 [pool-2-thread-1] INFO  c.u.f.s.w.s.OnlineWebSessionManager - [validateSessions,145] - Finished invalidation session. No sessions were stopped.
13:54:41.560 [pool-2-thread-1] INFO  c.u.f.s.w.s.OnlineWebSessionManager - [validateSessions,86] - invalidation sessions...
13:54:41.569 [pool-2-thread-1] INFO  c.u.f.s.w.s.OnlineWebSessionManager - [validateSessions,145] - Finished invalidation session. No sessions were stopped.
14:04:25.103 [pool-3-thread-4] INFO  sys-user - [run,108] - [127.0.0.1]内网IP[admin][Success][登录成功]
14:04:41.625 [pool-2-thread-1] INFO  c.u.f.s.w.s.OnlineWebSessionManager - [validateSessions,86] - invalidation sessions...
14:04:41.630 [pool-2-thread-1] INFO  c.u.f.s.w.s.OnlineWebSessionManager - [validateSessions,145] - Finished invalidation session. No sessions were stopped.
14:07:04.532 [pool-3-thread-1] INFO  sys-user - [run,108] - [127.0.0.1]内网IP[admin][Success][登录成功]
14:12:39.809 [restartedMain] INFO  c.u.UUSTOPApplication - [logStarting,50] - Starting UUSTOPApplication on cyn-PC with PID 5996 (E:\svn\produce\ymgj\target\classes started by cyn in E:\svn\produce\ymgj)
14:12:39.812 [restartedMain] INFO  c.u.UUSTOPApplication - [logStartupProfileInfo,684] - The following profiles are active: dev
14:12:41.316 [restartedMain] INFO  o.a.s.c.e.EhCacheManager - [getCache,158] - Cache with name 'com.uustop.framework.shiro.realm.UserRealm.authorizationCache' does not yet exist.  Creating now.
14:12:41.317 [restartedMain] INFO  o.a.s.c.e.EhCacheManager - [getCache,165] - Added EhCache named [com.uustop.framework.shiro.realm.UserRealm.authorizationCache]
14:12:42.634 [restartedMain] INFO  o.a.s.c.e.EhCacheManager - [getCache,169] - Using existing EHCache named [loginRecordCache]
14:12:43.982 [restartedMain] INFO  o.a.c.h.Http11NioProtocol - [log,180] - Initializing ProtocolHandler ["http-nio-8080"]
14:12:43.994 [restartedMain] INFO  o.a.c.c.StandardService - [log,180] - Starting service [Tomcat]
14:12:43.994 [restartedMain] INFO  o.a.c.c.StandardEngine - [log,180] - Starting Servlet Engine: Apache Tomcat/8.5.34
14:12:44.046 [localhost-startStop-1] INFO  o.a.c.c.AprLifecycleListener - [log,180] - The APR based Apache Tomcat Native library which allows optimal performance in production environments was not found on the java.library.path: [F:\jdk\jdk1.8.0_151\bin;C:\Windows\Sun\Java\bin;C:\Windows\system32;C:\Windows;C:\Windows\system32;C:\Windows;C:\Windows\System32\Wbem;C:\Windows\System32\WindowsPowerShell\v1.0\;C:\Program Files (x86)\NVIDIA Corporation\PhysX\Common;C:\Program Files\NVIDIA Corporation\NVIDIA NvDLISR;C:\Program Files\TortoiseSVN\bin;F:\apache-maven-3.3.9\bin;F:\jdk\jdk1.8.0_151\bin;F:\jdk\jdk1.8.0_151\jre\bin;F:\mysql-5.7.20-winx64\bin;.]
14:12:44.267 [localhost-startStop-1] INFO  o.a.c.c.C.[.[.[/] - [log,180] - Initializing Spring embedded WebApplicationContext
14:12:44.579 [restartedMain] INFO  c.a.d.p.DruidDataSource - [init,930] - {dataSource-1} inited
14:12:46.505 [restartedMain] INFO  s.d.s.w.PropertySourcedRequestMappingHandlerMapping - [initHandlerMethods,69] - Mapped URL path [/v2/api-docs] onto method [public org.springframework.http.ResponseEntity<springfox.documentation.spring.web.json.Json> springfox.documentation.swagger2.web.Swagger2Controller.getDocumentation(java.lang.String,javax.servlet.http.HttpServletRequest)]
14:12:47.465 [restartedMain] INFO  s.d.s.w.p.DocumentationPluginsBootstrapper - [start,147] - Context refreshed
14:12:47.478 [restartedMain] INFO  s.d.s.w.p.DocumentationPluginsBootstrapper - [start,150] - Found 1 custom documentation plugin(s)
14:12:47.601 [restartedMain] INFO  s.d.s.w.s.ApiListingReferenceScanner - [scan,41] - Scanning for api listing references
14:12:47.625 [restartedMain] INFO  o.a.c.h.Http11NioProtocol - [log,180] - Starting ProtocolHandler ["http-nio-8080"]
14:12:47.634 [restartedMain] INFO  o.a.t.u.n.NioSelectorPool - [log,180] - Using a shared selector for servlet write/read
14:12:47.653 [restartedMain] INFO  c.u.UUSTOPApplication - [logStarted,59] - Started UUSTOPApplication in 8.27 seconds (JVM running for 9.656)
14:12:49.008 [http-nio-8080-exec-1] INFO  o.a.c.c.C.[.[.[/] - [log,180] - Initializing Spring FrameworkServlet 'dispatcherServlet'
14:12:49.041 [http-nio-8080-exec-1] INFO  o.a.s.s.m.AbstractValidatingSessionManager - [enableSessionValidation,233] - Enabling session validation scheduler...
14:12:49.044 [http-nio-8080-exec-1] INFO  o.a.s.c.e.EhCacheManager - [getCache,158] - Cache with name 'shiro-activeSessionCache' does not yet exist.  Creating now.
14:12:49.044 [http-nio-8080-exec-1] INFO  o.a.s.c.e.EhCacheManager - [getCache,165] - Added EhCache named [shiro-activeSessionCache]
14:12:50.043 [pool-1-thread-1] INFO  c.u.f.s.w.s.OnlineWebSessionManager - [validateSessions,86] - invalidation sessions...
14:12:50.048 [pool-1-thread-1] INFO  c.u.f.s.w.s.OnlineWebSessionManager - [validateSessions,145] - Finished invalidation session. No sessions were stopped.
14:12:51.137 [pool-2-thread-1] INFO  sys-user - [run,108] - [127.0.0.1]内网IP[admin][Success][登录成功]
14:16:24.907 [pool-2-thread-2] INFO  sys-user - [run,108] - [127.0.0.1]内网IP[admin][Success][登录成功]
14:22:50.108 [pool-1-thread-1] INFO  c.u.f.s.w.s.OnlineWebSessionManager - [validateSessions,86] - invalidation sessions...
14:22:50.112 [pool-1-thread-1] INFO  c.u.f.s.w.s.OnlineWebSessionManager - [validateSessions,145] - Finished invalidation session. No sessions were stopped.
14:24:59.236 [restartedMain] INFO  c.u.UUSTOPApplication - [logStarting,50] - Starting UUSTOPApplication on cyn-PC with PID 8120 (E:\svn\produce\ymgj\target\classes started by cyn in E:\svn\produce\ymgj)
14:24:59.239 [restartedMain] INFO  c.u.UUSTOPApplication - [logStartupProfileInfo,684] - The following profiles are active: dev
14:25:00.799 [restartedMain] INFO  o.a.s.c.e.EhCacheManager - [getCache,158] - Cache with name 'com.uustop.framework.shiro.realm.UserRealm.authorizationCache' does not yet exist.  Creating now.
14:25:00.800 [restartedMain] INFO  o.a.s.c.e.EhCacheManager - [getCache,165] - Added EhCache named [com.uustop.framework.shiro.realm.UserRealm.authorizationCache]
14:25:01.657 [restartedMain] INFO  o.a.s.c.e.EhCacheManager - [getCache,169] - Using existing EHCache named [loginRecordCache]
14:25:02.377 [restartedMain] INFO  o.a.c.h.Http11NioProtocol - [log,180] - Initializing ProtocolHandler ["http-nio-8080"]
14:25:02.399 [restartedMain] INFO  o.a.c.c.StandardService - [log,180] - Starting service [Tomcat]
14:25:02.399 [restartedMain] INFO  o.a.c.c.StandardEngine - [log,180] - Starting Servlet Engine: Apache Tomcat/8.5.34
14:25:02.402 [localhost-startStop-1] INFO  o.a.c.c.AprLifecycleListener - [log,180] - The APR based Apache Tomcat Native library which allows optimal performance in production environments was not found on the java.library.path: [F:\jdk\jdk1.8.0_151\bin;C:\Windows\Sun\Java\bin;C:\Windows\system32;C:\Windows;C:\Windows\system32;C:\Windows;C:\Windows\System32\Wbem;C:\Windows\System32\WindowsPowerShell\v1.0\;C:\Program Files (x86)\NVIDIA Corporation\PhysX\Common;C:\Program Files\NVIDIA Corporation\NVIDIA NvDLISR;C:\Program Files\TortoiseSVN\bin;F:\apache-maven-3.3.9\bin;F:\jdk\jdk1.8.0_151\bin;F:\jdk\jdk1.8.0_151\jre\bin;F:\mysql-5.7.20-winx64\bin;.]
14:25:02.471 [localhost-startStop-1] INFO  o.a.c.c.C.[.[.[/] - [log,180] - Initializing Spring embedded WebApplicationContext
14:25:02.712 [restartedMain] INFO  c.a.d.p.DruidDataSource - [init,930] - {dataSource-1} inited
14:25:04.527 [restartedMain] INFO  s.d.s.w.PropertySourcedRequestMappingHandlerMapping - [initHandlerMethods,69] - Mapped URL path [/v2/api-docs] onto method [public org.springframework.http.ResponseEntity<springfox.documentation.spring.web.json.Json> springfox.documentation.swagger2.web.Swagger2Controller.getDocumentation(java.lang.String,javax.servlet.http.HttpServletRequest)]
14:25:05.396 [restartedMain] INFO  s.d.s.w.p.DocumentationPluginsBootstrapper - [start,147] - Context refreshed
14:25:05.408 [restartedMain] INFO  s.d.s.w.p.DocumentationPluginsBootstrapper - [start,150] - Found 1 custom documentation plugin(s)
14:25:05.525 [restartedMain] INFO  s.d.s.w.s.ApiListingReferenceScanner - [scan,41] - Scanning for api listing references
14:25:05.547 [restartedMain] INFO  o.a.c.h.Http11NioProtocol - [log,180] - Starting ProtocolHandler ["http-nio-8080"]
14:25:05.556 [restartedMain] INFO  o.a.t.u.n.NioSelectorPool - [log,180] - Using a shared selector for servlet write/read
14:25:05.572 [restartedMain] INFO  c.u.UUSTOPApplication - [logStarted,59] - Started UUSTOPApplication in 6.834 seconds (JVM running for 7.645)
14:25:38.184 [restartedMain] INFO  c.u.UUSTOPApplication - [logStarting,50] - Starting UUSTOPApplication on cyn-PC with PID 8000 (E:\svn\produce\ymgj\target\classes started by cyn in E:\svn\produce\ymgj)
14:25:38.188 [restartedMain] INFO  c.u.UUSTOPApplication - [logStartupProfileInfo,684] - The following profiles are active: dev
14:25:39.687 [restartedMain] INFO  o.a.s.c.e.EhCacheManager - [getCache,158] - Cache with name 'com.uustop.framework.shiro.realm.UserRealm.authorizationCache' does not yet exist.  Creating now.
14:25:39.687 [restartedMain] INFO  o.a.s.c.e.EhCacheManager - [getCache,165] - Added EhCache named [com.uustop.framework.shiro.realm.UserRealm.authorizationCache]
14:25:40.556 [restartedMain] INFO  o.a.s.c.e.EhCacheManager - [getCache,169] - Using existing EHCache named [loginRecordCache]
14:25:41.276 [restartedMain] INFO  o.a.c.h.Http11NioProtocol - [log,180] - Initializing ProtocolHandler ["http-nio-8080"]
14:25:41.285 [restartedMain] INFO  o.a.c.c.StandardService - [log,180] - Starting service [Tomcat]
14:25:41.286 [restartedMain] INFO  o.a.c.c.StandardEngine - [log,180] - Starting Servlet Engine: Apache Tomcat/8.5.34
14:25:41.289 [localhost-startStop-1] INFO  o.a.c.c.AprLifecycleListener - [log,180] - The APR based Apache Tomcat Native library which allows optimal performance in production environments was not found on the java.library.path: [F:\jdk\jdk1.8.0_151\bin;C:\Windows\Sun\Java\bin;C:\Windows\system32;C:\Windows;C:\Windows\system32;C:\Windows;C:\Windows\System32\Wbem;C:\Windows\System32\WindowsPowerShell\v1.0\;C:\Program Files (x86)\NVIDIA Corporation\PhysX\Common;C:\Program Files\NVIDIA Corporation\NVIDIA NvDLISR;C:\Program Files\TortoiseSVN\bin;F:\apache-maven-3.3.9\bin;F:\jdk\jdk1.8.0_151\bin;F:\jdk\jdk1.8.0_151\jre\bin;F:\mysql-5.7.20-winx64\bin;.]
14:25:41.391 [localhost-startStop-1] INFO  o.a.c.c.C.[.[.[/] - [log,180] - Initializing Spring embedded WebApplicationContext
14:25:41.623 [restartedMain] INFO  c.a.d.p.DruidDataSource - [init,930] - {dataSource-1} inited
14:25:43.257 [restartedMain] INFO  s.d.s.w.PropertySourcedRequestMappingHandlerMapping - [initHandlerMethods,69] - Mapped URL path [/v2/api-docs] onto method [public org.springframework.http.ResponseEntity<springfox.documentation.spring.web.json.Json> springfox.documentation.swagger2.web.Swagger2Controller.getDocumentation(java.lang.String,javax.servlet.http.HttpServletRequest)]
14:25:44.116 [restartedMain] INFO  s.d.s.w.p.DocumentationPluginsBootstrapper - [start,147] - Context refreshed
14:25:44.128 [restartedMain] INFO  s.d.s.w.p.DocumentationPluginsBootstrapper - [start,150] - Found 1 custom documentation plugin(s)
14:25:44.243 [restartedMain] INFO  s.d.s.w.s.ApiListingReferenceScanner - [scan,41] - Scanning for api listing references
14:25:44.272 [restartedMain] INFO  o.a.c.h.Http11NioProtocol - [log,180] - Starting ProtocolHandler ["http-nio-8080"]
14:25:44.281 [restartedMain] INFO  o.a.t.u.n.NioSelectorPool - [log,180] - Using a shared selector for servlet write/read
14:25:44.300 [restartedMain] INFO  c.u.UUSTOPApplication - [logStarted,59] - Started UUSTOPApplication in 6.962 seconds (JVM running for 7.796)
14:27:22.663 [http-nio-8080-exec-1] INFO  o.a.c.c.C.[.[.[/] - [log,180] - Initializing Spring FrameworkServlet 'dispatcherServlet'
14:27:22.704 [http-nio-8080-exec-1] INFO  o.a.s.s.m.AbstractValidatingSessionManager - [enableSessionValidation,233] - Enabling session validation scheduler...
14:27:22.707 [http-nio-8080-exec-1] INFO  o.a.s.c.e.EhCacheManager - [getCache,158] - Cache with name 'shiro-activeSessionCache' does not yet exist.  Creating now.
14:27:22.708 [http-nio-8080-exec-1] INFO  o.a.s.c.e.EhCacheManager - [getCache,165] - Added EhCache named [shiro-activeSessionCache]
14:27:23.706 [pool-1-thread-1] INFO  c.u.f.s.w.s.OnlineWebSessionManager - [validateSessions,86] - invalidation sessions...
14:27:23.721 [pool-1-thread-1] INFO  c.u.f.s.w.s.OnlineWebSessionManager - [validateSessions,145] - Finished invalidation session. No sessions were stopped.
14:27:24.904 [pool-2-thread-1] INFO  sys-user - [run,108] - [127.0.0.1]内网IP[admin][Success][登录成功]
14:37:23.770 [pool-1-thread-1] INFO  c.u.f.s.w.s.OnlineWebSessionManager - [validateSessions,86] - invalidation sessions...
14:37:23.790 [pool-1-thread-1] INFO  c.u.f.s.w.s.OnlineWebSessionManager - [validateSessions,145] - Finished invalidation session. [1] sessions were stopped.
14:47:23.835 [pool-1-thread-1] INFO  c.u.f.s.w.s.OnlineWebSessionManager - [validateSessions,86] - invalidation sessions...
14:47:23.865 [pool-1-thread-1] INFO  c.u.f.s.w.s.OnlineWebSessionManager - [validateSessions,145] - Finished invalidation session. [2] sessions were stopped.
14:57:23.900 [pool-1-thread-1] INFO  c.u.f.s.w.s.OnlineWebSessionManager - [validateSessions,86] - invalidation sessions...
14:57:23.905 [pool-1-thread-1] INFO  c.u.f.s.w.s.OnlineWebSessionManager - [validateSessions,145] - Finished invalidation session. No sessions were stopped.
15:07:23.965 [pool-1-thread-1] INFO  c.u.f.s.w.s.OnlineWebSessionManager - [validateSessions,86] - invalidation sessions...
15:07:23.975 [pool-1-thread-1] INFO  c.u.f.s.w.s.OnlineWebSessionManager - [validateSessions,145] - Finished invalidation session. [1] sessions were stopped.
15:11:12.152 [pool-2-thread-1] INFO  sys-user - [run,108] - [127.0.0.1]内网IP[admin][Success][登录成功]
15:12:26.049 [pool-2-thread-5] INFO  sys-user - [run,108] - [127.0.0.1]内网IP[admin][Logout][退出成功]
15:12:27.376 [pool-2-thread-3] INFO  sys-user - [run,108] - [127.0.0.1]内网IP[admin][Success][登录成功]
15:17:24.029 [pool-1-thread-1] INFO  c.u.f.s.w.s.OnlineWebSessionManager - [validateSessions,86] - invalidation sessions...
15:17:24.030 [pool-1-thread-1] INFO  c.u.f.s.w.s.OnlineWebSessionManager - [validateSessions,145] - Finished invalidation session. No sessions were stopped.
15:27:24.094 [pool-1-thread-1] INFO  c.u.f.s.w.s.OnlineWebSessionManager - [validateSessions,86] - invalidation sessions...
15:27:24.098 [pool-1-thread-1] INFO  c.u.f.s.w.s.OnlineWebSessionManager - [validateSessions,145] - Finished invalidation session. No sessions were stopped.
15:37:24.159 [pool-1-thread-1] INFO  c.u.f.s.w.s.OnlineWebSessionManager - [validateSessions,86] - invalidation sessions...
15:37:24.163 [pool-1-thread-1] INFO  c.u.f.s.w.s.OnlineWebSessionManager - [validateSessions,145] - Finished invalidation session. No sessions were stopped.
15:47:24.224 [pool-1-thread-1] INFO  c.u.f.s.w.s.OnlineWebSessionManager - [validateSessions,86] - invalidation sessions...
15:47:24.232 [pool-1-thread-1] INFO  c.u.f.s.w.s.OnlineWebSessionManager - [validateSessions,145] - Finished invalidation session. [1] sessions were stopped.
15:53:29.045 [pool-2-thread-2] INFO  sys-user - [run,108] - [127.0.0.1]内网IP[admin][Success][登录成功]
15:57:24.288 [pool-1-thread-1] INFO  c.u.f.s.w.s.OnlineWebSessionManager - [validateSessions,86] - invalidation sessions...
15:57:24.292 [pool-1-thread-1] INFO  c.u.f.s.w.s.OnlineWebSessionManager - [validateSessions,145] - Finished invalidation session. No sessions were stopped.
16:07:24.376 [pool-1-thread-1] INFO  c.u.f.s.w.s.OnlineWebSessionManager - [validateSessions,86] - invalidation sessions...
16:07:24.378 [pool-1-thread-1] INFO  c.u.f.s.w.s.OnlineWebSessionManager - [validateSessions,145] - Finished invalidation session. No sessions were stopped.
16:17:24.418 [pool-1-thread-1] INFO  c.u.f.s.w.s.OnlineWebSessionManager - [validateSessions,86] - invalidation sessions...
16:17:24.422 [pool-1-thread-1] INFO  c.u.f.s.w.s.OnlineWebSessionManager - [validateSessions,145] - Finished invalidation session. No sessions were stopped.
16:19:27.330 [pool-2-thread-3] INFO  sys-user - [run,108] - [127.0.0.1]内网IP[admin][Success][登录成功]
16:27:24.482 [pool-1-thread-1] INFO  c.u.f.s.w.s.OnlineWebSessionManager - [validateSessions,86] - invalidation sessions...
16:27:24.497 [pool-1-thread-1] INFO  c.u.f.s.w.s.OnlineWebSessionManager - [validateSessions,145] - Finished invalidation session. [1] sessions were stopped.
16:37:24.547 [pool-1-thread-1] INFO  c.u.f.s.w.s.OnlineWebSessionManager - [validateSessions,86] - invalidation sessions...
16:37:24.551 [pool-1-thread-1] INFO  c.u.f.s.w.s.OnlineWebSessionManager - [validateSessions,145] - Finished invalidation session. No sessions were stopped.
16:47:24.612 [pool-1-thread-1] INFO  c.u.f.s.w.s.OnlineWebSessionManager - [validateSessions,86] - invalidation sessions...
16:47:24.616 [pool-1-thread-1] INFO  c.u.f.s.w.s.OnlineWebSessionManager - [validateSessions,145] - Finished invalidation session. No sessions were stopped.
16:57:24.677 [pool-1-thread-1] INFO  c.u.f.s.w.s.OnlineWebSessionManager - [validateSessions,86] - invalidation sessions...
16:57:24.682 [pool-1-thread-1] INFO  c.u.f.s.w.s.OnlineWebSessionManager - [validateSessions,145] - Finished invalidation session. [1] sessions were stopped.
17:07:24.741 [pool-1-thread-1] INFO  c.u.f.s.w.s.OnlineWebSessionManager - [validateSessions,86] - invalidation sessions...
17:07:24.744 [pool-1-thread-1] INFO  c.u.f.s.w.s.OnlineWebSessionManager - [validateSessions,145] - Finished invalidation session. No sessions were stopped.
17:17:24.806 [pool-1-thread-1] INFO  c.u.f.s.w.s.OnlineWebSessionManager - [validateSessions,86] - invalidation sessions...
17:17:24.810 [pool-1-thread-1] INFO  c.u.f.s.w.s.OnlineWebSessionManager - [validateSessions,145] - Finished invalidation session. No sessions were stopped.
17:27:24.871 [pool-1-thread-1] INFO  c.u.f.s.w.s.OnlineWebSessionManager - [validateSessions,86] - invalidation sessions...
17:27:24.872 [pool-1-thread-1] INFO  c.u.f.s.w.s.OnlineWebSessionManager - [validateSessions,145] - Finished invalidation session. No sessions were stopped.
17:37:24.936 [pool-1-thread-1] INFO  c.u.f.s.w.s.OnlineWebSessionManager - [validateSessions,86] - invalidation sessions...
17:37:24.938 [pool-1-thread-1] INFO  c.u.f.s.w.s.OnlineWebSessionManager - [validateSessions,145] - Finished invalidation session. No sessions were stopped.
17:47:25.000 [pool-1-thread-1] INFO  c.u.f.s.w.s.OnlineWebSessionManager - [validateSessions,86] - invalidation sessions...
17:47:25.004 [pool-1-thread-1] INFO  c.u.f.s.w.s.OnlineWebSessionManager - [validateSessions,145] - Finished invalidation session. No sessions were stopped.
17:57:25.065 [pool-1-thread-1] INFO  c.u.f.s.w.s.OnlineWebSessionManager - [validateSessions,86] - invalidation sessions...
17:57:25.069 [pool-1-thread-1] INFO  c.u.f.s.w.s.OnlineWebSessionManager - [validateSessions,145] - Finished invalidation session. No sessions were stopped.
18:07:25.130 [pool-1-thread-1] INFO  c.u.f.s.w.s.OnlineWebSessionManager - [validateSessions,86] - invalidation sessions...
18:07:25.134 [pool-1-thread-1] INFO  c.u.f.s.w.s.OnlineWebSessionManager - [validateSessions,145] - Finished invalidation session. No sessions were stopped.
18:17:25.195 [pool-1-thread-1] INFO  c.u.f.s.w.s.OnlineWebSessionManager - [validateSessions,86] - invalidation sessions...
18:17:25.199 [pool-1-thread-1] INFO  c.u.f.s.w.s.OnlineWebSessionManager - [validateSessions,145] - Finished invalidation session. No sessions were stopped.
18:27:25.259 [pool-1-thread-1] INFO  c.u.f.s.w.s.OnlineWebSessionManager - [validateSessions,86] - invalidation sessions...
18:27:25.263 [pool-1-thread-1] INFO  c.u.f.s.w.s.OnlineWebSessionManager - [validateSessions,145] - Finished invalidation session. No sessions were stopped.
18:37:25.324 [pool-1-thread-1] INFO  c.u.f.s.w.s.OnlineWebSessionManager - [validateSessions,86] - invalidation sessions...
18:37:25.328 [pool-1-thread-1] INFO  c.u.f.s.w.s.OnlineWebSessionManager - [validateSessions,145] - Finished invalidation session. No sessions were stopped.
18:47:25.389 [pool-1-thread-1] INFO  c.u.f.s.w.s.OnlineWebSessionManager - [validateSessions,86] - invalidation sessions...
18:47:25.393 [pool-1-thread-1] INFO  c.u.f.s.w.s.OnlineWebSessionManager - [validateSessions,145] - Finished invalidation session. No sessions were stopped.
18:57:25.454 [pool-1-thread-1] INFO  c.u.f.s.w.s.OnlineWebSessionManager - [validateSessions,86] - invalidation sessions...
18:57:25.458 [pool-1-thread-1] INFO  c.u.f.s.w.s.OnlineWebSessionManager - [validateSessions,145] - Finished invalidation session. No sessions were stopped.
19:07:25.518 [pool-1-thread-1] INFO  c.u.f.s.w.s.OnlineWebSessionManager - [validateSessions,86] - invalidation sessions...
19:07:25.522 [pool-1-thread-1] INFO  c.u.f.s.w.s.OnlineWebSessionManager - [validateSessions,145] - Finished invalidation session. No sessions were stopped.
19:17:25.583 [pool-1-thread-1] INFO  c.u.f.s.w.s.OnlineWebSessionManager - [validateSessions,86] - invalidation sessions...
19:17:25.584 [pool-1-thread-1] INFO  c.u.f.s.w.s.OnlineWebSessionManager - [validateSessions,145] - Finished invalidation session. No sessions were stopped.
19:27:25.648 [pool-1-thread-1] INFO  c.u.f.s.w.s.OnlineWebSessionManager - [validateSessions,86] - invalidation sessions...
19:27:25.651 [pool-1-thread-1] INFO  c.u.f.s.w.s.OnlineWebSessionManager - [validateSessions,145] - Finished invalidation session. No sessions were stopped.
19:37:25.713 [pool-1-thread-1] INFO  c.u.f.s.w.s.OnlineWebSessionManager - [validateSessions,86] - invalidation sessions...
19:37:25.717 [pool-1-thread-1] INFO  c.u.f.s.w.s.OnlineWebSessionManager - [validateSessions,145] - Finished invalidation session. No sessions were stopped.
19:47:25.777 [pool-1-thread-1] INFO  c.u.f.s.w.s.OnlineWebSessionManager - [validateSessions,86] - invalidation sessions...
19:47:25.781 [pool-1-thread-1] INFO  c.u.f.s.w.s.OnlineWebSessionManager - [validateSessions,145] - Finished invalidation session. No sessions were stopped.
19:57:25.843 [pool-1-thread-1] INFO  c.u.f.s.w.s.OnlineWebSessionManager - [validateSessions,86] - invalidation sessions...
19:57:25.846 [pool-1-thread-1] INFO  c.u.f.s.w.s.OnlineWebSessionManager - [validateSessions,145] - Finished invalidation session. No sessions were stopped.
20:07:25.907 [pool-1-thread-1] INFO  c.u.f.s.w.s.OnlineWebSessionManager - [validateSessions,86] - invalidation sessions...
20:07:25.911 [pool-1-thread-1] INFO  c.u.f.s.w.s.OnlineWebSessionManager - [validateSessions,145] - Finished invalidation session. No sessions were stopped.
20:17:25.972 [pool-1-thread-1] INFO  c.u.f.s.w.s.OnlineWebSessionManager - [validateSessions,86] - invalidation sessions...
20:17:25.976 [pool-1-thread-1] INFO  c.u.f.s.w.s.OnlineWebSessionManager - [validateSessions,145] - Finished invalidation session. No sessions were stopped.
