18:11:25.070 [main] INFO  c.u.UUSTOPApplication - [logStarting,50] - Starting UUSTOPApplication on cyn-PC with PID 6576 (E:\svn\produce\ymgj\target\classes started by cyn in E:\svn\produce\ymgj)
18:11:25.079 [main] INFO  c.u.UUSTOPApplication - [logStartupProfileInfo,684] - The following profiles are active: prod
18:11:30.020 [main] INFO  o.a.c.h.Http11NioProtocol - [log,180] - Initializing ProtocolHandler ["http-nio-8080"]
18:11:30.060 [main] INFO  o.a.c.c.StandardService - [log,180] - Starting service [Tomcat]
18:11:30.061 [main] INFO  o.a.c.c.StandardEngine - [log,180] - Starting Servlet Engine: Apache Tomcat/8.5.34
18:11:30.065 [localhost-startStop-1] INFO  o.a.c.c.AprLifecycleListener - [log,180] - The APR based Apache Tomcat Native library which allows optimal performance in production environments was not found on the java.library.path: [F:\jdk\jdk1.8.0_151\bin;C:\Windows\Sun\Java\bin;C:\Windows\system32;C:\Windows;C:\Windows\system32;C:\Windows;C:\Windows\System32\Wbem;C:\Windows\System32\WindowsPowerShell\v1.0\;C:\Program Files (x86)\NVIDIA Corporation\PhysX\Common;C:\Program Files\NVIDIA Corporation\NVIDIA NvDLISR;C:\Program Files\TortoiseSVN\bin;F:\apache-maven-3.3.9\bin;F:\jdk\jdk1.8.0_151\bin;F:\jdk\jdk1.8.0_151\jre\bin;F:\mysql-5.7.20-winx64\bin;.]
18:11:30.223 [localhost-startStop-1] INFO  o.a.c.c.C.[.[.[/] - [log,180] - Initializing Spring embedded WebApplicationContext
18:11:32.820 [main] INFO  s.d.s.w.PropertySourcedRequestMappingHandlerMapping - [initHandlerMethods,69] - Mapped URL path [/v2/api-docs] onto method [public org.springframework.http.ResponseEntity<springfox.documentation.spring.web.json.Json> springfox.documentation.swagger2.web.Swagger2Controller.getDocumentation(java.lang.String,javax.servlet.http.HttpServletRequest)]
18:11:33.813 [main] INFO  i.l.c.EpollProvider - [info,101] - Starting without optional epoll library
18:11:33.815 [main] INFO  i.l.c.KqueueProvider - [info,101] - Starting without optional kqueue library
18:11:45.585 [main] INFO  o.a.c.c.StandardService - [log,180] - Stopping service [Tomcat]
18:13:02.646 [main] INFO  c.u.UUSTOPApplication - [logStarting,50] - Starting UUSTOPApplication on cyn-PC with PID 10152 (E:\svn\produce\ymgj\target\classes started by cyn in E:\svn\produce\ymgj)
18:13:02.649 [main] INFO  c.u.UUSTOPApplication - [logStartupProfileInfo,684] - The following profiles are active: test
18:13:06.181 [main] INFO  o.a.c.h.Http11NioProtocol - [log,180] - Initializing ProtocolHandler ["http-nio-8080"]
18:13:06.192 [main] INFO  o.a.c.c.StandardService - [log,180] - Starting service [Tomcat]
18:13:06.192 [main] INFO  o.a.c.c.StandardEngine - [log,180] - Starting Servlet Engine: Apache Tomcat/8.5.34
18:13:06.196 [localhost-startStop-1] INFO  o.a.c.c.AprLifecycleListener - [log,180] - The APR based Apache Tomcat Native library which allows optimal performance in production environments was not found on the java.library.path: [F:\jdk\jdk1.8.0_151\bin;C:\Windows\Sun\Java\bin;C:\Windows\system32;C:\Windows;C:\Windows\system32;C:\Windows;C:\Windows\System32\Wbem;C:\Windows\System32\WindowsPowerShell\v1.0\;C:\Program Files (x86)\NVIDIA Corporation\PhysX\Common;C:\Program Files\NVIDIA Corporation\NVIDIA NvDLISR;C:\Program Files\TortoiseSVN\bin;F:\apache-maven-3.3.9\bin;F:\jdk\jdk1.8.0_151\bin;F:\jdk\jdk1.8.0_151\jre\bin;F:\mysql-5.7.20-winx64\bin;.]
18:13:06.350 [localhost-startStop-1] INFO  o.a.c.c.C.[.[.[/] - [log,180] - Initializing Spring embedded WebApplicationContext
18:13:08.763 [main] INFO  s.d.s.w.PropertySourcedRequestMappingHandlerMapping - [initHandlerMethods,69] - Mapped URL path [/v2/api-docs] onto method [public org.springframework.http.ResponseEntity<springfox.documentation.spring.web.json.Json> springfox.documentation.swagger2.web.Swagger2Controller.getDocumentation(java.lang.String,javax.servlet.http.HttpServletRequest)]
18:13:09.672 [main] INFO  i.l.c.EpollProvider - [info,101] - Starting without optional epoll library
18:13:09.673 [main] INFO  i.l.c.KqueueProvider - [info,101] - Starting without optional kqueue library
18:13:10.388 [main] INFO  s.d.s.w.p.DocumentationPluginsBootstrapper - [start,147] - Context refreshed
18:13:10.402 [main] INFO  s.d.s.w.p.DocumentationPluginsBootstrapper - [start,150] - Found 1 custom documentation plugin(s)
18:13:10.560 [main] INFO  s.d.s.w.s.ApiListingReferenceScanner - [scan,41] - Scanning for api listing references
18:13:10.645 [main] INFO  o.a.c.h.Http11NioProtocol - [log,180] - Starting ProtocolHandler ["http-nio-8080"]
18:13:10.646 [main] INFO  o.a.t.u.n.NioSelectorPool - [log,180] - Using a shared selector for servlet write/read
18:13:10.667 [main] INFO  c.u.UUSTOPApplication - [logStarted,59] - Started UUSTOPApplication in 8.408 seconds (JVM running for 9.375)
18:13:54.135 [http-nio-8080-exec-1] INFO  o.a.c.c.C.[.[.[/] - [log,180] - Initializing Spring FrameworkServlet 'dispatcherServlet'
18:13:54.176 [http-nio-8080-exec-1] INFO  o.a.s.s.m.AbstractValidatingSessionManager - [enableSessionValidation,233] - Enabling session validation scheduler...
18:14:37.296 [http-nio-8080-exec-28] INFO  c.a.d.p.DruidDataSource - [init,930] - {dataSource-1} inited
18:14:37.550 [pool-3-thread-1] INFO  sys-user - [run,108] - [127.0.0.1]内网IP[admin][Success][登录成功]
18:16:33.447 [main] INFO  c.u.UUSTOPApplication - [logStarting,50] - Starting UUSTOPApplication on cyn-PC with PID 3004 (E:\svn\produce\ymgj\target\classes started by cyn in E:\svn\produce\ymgj)
18:16:33.450 [main] INFO  c.u.UUSTOPApplication - [logStartupProfileInfo,684] - The following profiles are active: test
18:16:37.151 [main] INFO  o.a.c.h.Http11NioProtocol - [log,180] - Initializing ProtocolHandler ["http-nio-8080"]
18:16:37.163 [main] INFO  o.a.c.c.StandardService - [log,180] - Starting service [Tomcat]
18:16:37.163 [main] INFO  o.a.c.c.StandardEngine - [log,180] - Starting Servlet Engine: Apache Tomcat/8.5.34
18:16:37.166 [localhost-startStop-1] INFO  o.a.c.c.AprLifecycleListener - [log,180] - The APR based Apache Tomcat Native library which allows optimal performance in production environments was not found on the java.library.path: [F:\jdk\jdk1.8.0_151\bin;C:\Windows\Sun\Java\bin;C:\Windows\system32;C:\Windows;C:\Windows\system32;C:\Windows;C:\Windows\System32\Wbem;C:\Windows\System32\WindowsPowerShell\v1.0\;C:\Program Files (x86)\NVIDIA Corporation\PhysX\Common;C:\Program Files\NVIDIA Corporation\NVIDIA NvDLISR;C:\Program Files\TortoiseSVN\bin;F:\apache-maven-3.3.9\bin;F:\jdk\jdk1.8.0_151\bin;F:\jdk\jdk1.8.0_151\jre\bin;F:\mysql-5.7.20-winx64\bin;.]
18:16:37.343 [localhost-startStop-1] INFO  o.a.c.c.C.[.[.[/] - [log,180] - Initializing Spring embedded WebApplicationContext
18:16:40.029 [main] INFO  s.d.s.w.PropertySourcedRequestMappingHandlerMapping - [initHandlerMethods,69] - Mapped URL path [/v2/api-docs] onto method [public org.springframework.http.ResponseEntity<springfox.documentation.spring.web.json.Json> springfox.documentation.swagger2.web.Swagger2Controller.getDocumentation(java.lang.String,javax.servlet.http.HttpServletRequest)]
18:16:41.004 [main] INFO  i.l.c.EpollProvider - [info,101] - Starting without optional epoll library
18:16:41.006 [main] INFO  i.l.c.KqueueProvider - [info,101] - Starting without optional kqueue library
18:16:41.790 [main] INFO  s.d.s.w.p.DocumentationPluginsBootstrapper - [start,147] - Context refreshed
18:16:41.805 [main] INFO  s.d.s.w.p.DocumentationPluginsBootstrapper - [start,150] - Found 1 custom documentation plugin(s)
18:16:41.991 [main] INFO  s.d.s.w.s.ApiListingReferenceScanner - [scan,41] - Scanning for api listing references
18:16:42.082 [main] INFO  o.a.c.h.Http11NioProtocol - [log,180] - Starting ProtocolHandler ["http-nio-8080"]
18:16:42.084 [main] INFO  o.a.t.u.n.NioSelectorPool - [log,180] - Using a shared selector for servlet write/read
18:16:42.100 [main] INFO  c.u.UUSTOPApplication - [logStarted,59] - Started UUSTOPApplication in 9.06 seconds (JVM running for 10.07)
18:16:42.255 [http-nio-8080-exec-1] INFO  o.a.c.c.C.[.[.[/] - [log,180] - Initializing Spring FrameworkServlet 'dispatcherServlet'
18:16:42.288 [http-nio-8080-exec-1] INFO  o.a.s.s.m.AbstractValidatingSessionManager - [enableSessionValidation,233] - Enabling session validation scheduler...
18:16:42.405 [http-nio-8080-exec-1] INFO  c.a.d.p.DruidDataSource - [init,930] - {dataSource-1} inited
18:39:42.440 [main] INFO  c.u.UUSTOPApplication - [logStarting,50] - Starting UUSTOPApplication on cyn-PC with PID 9624 (E:\svn\produce\ymgj\target\classes started by cyn in E:\svn\produce\ymgj)
18:39:42.443 [main] INFO  c.u.UUSTOPApplication - [logStartupProfileInfo,684] - The following profiles are active: test
18:39:53.194 [main] INFO  c.u.UUSTOPApplication - [logStarting,50] - Starting UUSTOPApplication on cyn-PC with PID 8504 (E:\svn\produce\ymgj\target\classes started by cyn in E:\svn\produce\ymgj)
18:39:53.201 [main] INFO  c.u.UUSTOPApplication - [logStartupProfileInfo,684] - The following profiles are active: test
18:39:58.561 [main] INFO  o.a.c.h.Http11NioProtocol - [log,180] - Initializing ProtocolHandler ["http-nio-8080"]
18:39:58.579 [main] INFO  o.a.c.c.StandardService - [log,180] - Starting service [Tomcat]
18:39:58.580 [main] INFO  o.a.c.c.StandardEngine - [log,180] - Starting Servlet Engine: Apache Tomcat/8.5.34
18:39:58.586 [localhost-startStop-1] INFO  o.a.c.c.AprLifecycleListener - [log,180] - The APR based Apache Tomcat Native library which allows optimal performance in production environments was not found on the java.library.path: [F:\jdk\jdk1.8.0_151\bin;C:\Windows\Sun\Java\bin;C:\Windows\system32;C:\Windows;C:\Windows\system32;C:\Windows;C:\Windows\System32\Wbem;C:\Windows\System32\WindowsPowerShell\v1.0\;C:\Program Files (x86)\NVIDIA Corporation\PhysX\Common;C:\Program Files\NVIDIA Corporation\NVIDIA NvDLISR;C:\Program Files\TortoiseSVN\bin;F:\apache-maven-3.3.9\bin;F:\jdk\jdk1.8.0_151\bin;F:\jdk\jdk1.8.0_151\jre\bin;F:\mysql-5.7.20-winx64\bin;.]
18:39:58.823 [localhost-startStop-1] INFO  o.a.c.c.C.[.[.[/] - [log,180] - Initializing Spring embedded WebApplicationContext
18:40:02.448 [main] INFO  s.d.s.w.PropertySourcedRequestMappingHandlerMapping - [initHandlerMethods,69] - Mapped URL path [/v2/api-docs] onto method [public org.springframework.http.ResponseEntity<springfox.documentation.spring.web.json.Json> springfox.documentation.swagger2.web.Swagger2Controller.getDocumentation(java.lang.String,javax.servlet.http.HttpServletRequest)]
18:40:03.849 [main] INFO  i.l.c.EpollProvider - [info,101] - Starting without optional epoll library
18:40:03.851 [main] INFO  i.l.c.KqueueProvider - [info,101] - Starting without optional kqueue library
18:40:04.973 [main] INFO  s.d.s.w.p.DocumentationPluginsBootstrapper - [start,147] - Context refreshed
18:40:04.990 [main] INFO  s.d.s.w.p.DocumentationPluginsBootstrapper - [start,150] - Found 1 custom documentation plugin(s)
18:40:05.240 [main] INFO  s.d.s.w.s.ApiListingReferenceScanner - [scan,41] - Scanning for api listing references
18:40:05.341 [main] INFO  o.a.c.h.Http11NioProtocol - [log,180] - Starting ProtocolHandler ["http-nio-8080"]
18:40:05.342 [main] INFO  o.a.t.u.n.NioSelectorPool - [log,180] - Using a shared selector for servlet write/read
18:40:05.368 [main] INFO  c.u.UUSTOPApplication - [logStarted,59] - Started UUSTOPApplication in 12.878 seconds (JVM running for 14.452)
18:49:04.985 [main] INFO  c.u.UUSTOPApplication - [logStarting,50] - Starting UUSTOPApplication on cyn-PC with PID 10536 (E:\svn\produce\ymgj\target\classes started by cyn in E:\svn\produce\ymgj)
18:49:04.992 [main] INFO  c.u.UUSTOPApplication - [logStartupProfileInfo,684] - The following profiles are active: test
18:49:11.150 [main] INFO  o.a.c.h.Http11NioProtocol - [log,180] - Initializing ProtocolHandler ["http-nio-8080"]
18:49:11.169 [main] INFO  o.a.c.c.StandardService - [log,180] - Starting service [Tomcat]
18:49:11.170 [main] INFO  o.a.c.c.StandardEngine - [log,180] - Starting Servlet Engine: Apache Tomcat/8.5.34
18:49:11.178 [localhost-startStop-1] INFO  o.a.c.c.AprLifecycleListener - [log,180] - The APR based Apache Tomcat Native library which allows optimal performance in production environments was not found on the java.library.path: [F:\jdk\jdk1.8.0_151\bin;C:\Windows\Sun\Java\bin;C:\Windows\system32;C:\Windows;C:\Windows\system32;C:\Windows;C:\Windows\System32\Wbem;C:\Windows\System32\WindowsPowerShell\v1.0\;C:\Program Files (x86)\NVIDIA Corporation\PhysX\Common;C:\Program Files\NVIDIA Corporation\NVIDIA NvDLISR;C:\Program Files\TortoiseSVN\bin;F:\apache-maven-3.3.9\bin;F:\jdk\jdk1.8.0_151\bin;F:\jdk\jdk1.8.0_151\jre\bin;F:\mysql-5.7.20-winx64\bin;.]
18:49:11.414 [localhost-startStop-1] INFO  o.a.c.c.C.[.[.[/] - [log,180] - Initializing Spring embedded WebApplicationContext
18:50:12.538 [main] INFO  s.d.s.w.PropertySourcedRequestMappingHandlerMapping - [initHandlerMethods,69] - Mapped URL path [/v2/api-docs] onto method [public org.springframework.http.ResponseEntity<springfox.documentation.spring.web.json.Json> springfox.documentation.swagger2.web.Swagger2Controller.getDocumentation(java.lang.String,javax.servlet.http.HttpServletRequest)]
18:50:20.621 [main] INFO  c.u.UUSTOPApplication - [logStarting,50] - Starting UUSTOPApplication on cyn-PC with PID 9044 (E:\svn\produce\ymgj\target\classes started by cyn in E:\svn\produce\ymgj)
18:50:20.629 [main] INFO  c.u.UUSTOPApplication - [logStartupProfileInfo,684] - The following profiles are active: test
18:50:27.070 [main] INFO  o.a.c.h.Http11NioProtocol - [log,180] - Initializing ProtocolHandler ["http-nio-8080"]
18:50:27.091 [main] INFO  o.a.c.c.StandardService - [log,180] - Starting service [Tomcat]
18:50:27.092 [main] INFO  o.a.c.c.StandardEngine - [log,180] - Starting Servlet Engine: Apache Tomcat/8.5.34
18:50:27.105 [localhost-startStop-1] INFO  o.a.c.c.AprLifecycleListener - [log,180] - The APR based Apache Tomcat Native library which allows optimal performance in production environments was not found on the java.library.path: [F:\jdk\jdk1.8.0_151\bin;C:\Windows\Sun\Java\bin;C:\Windows\system32;C:\Windows;C:\Windows\system32;C:\Windows;C:\Windows\System32\Wbem;C:\Windows\System32\WindowsPowerShell\v1.0\;C:\Program Files (x86)\NVIDIA Corporation\PhysX\Common;C:\Program Files\NVIDIA Corporation\NVIDIA NvDLISR;C:\Program Files\TortoiseSVN\bin;F:\apache-maven-3.3.9\bin;F:\jdk\jdk1.8.0_151\bin;F:\jdk\jdk1.8.0_151\jre\bin;F:\mysql-5.7.20-winx64\bin;.]
18:50:27.407 [localhost-startStop-1] INFO  o.a.c.c.C.[.[.[/] - [log,180] - Initializing Spring embedded WebApplicationContext
18:53:10.941 [main] INFO  s.d.s.w.PropertySourcedRequestMappingHandlerMapping - [initHandlerMethods,69] - Mapped URL path [/v2/api-docs] onto method [public org.springframework.http.ResponseEntity<springfox.documentation.spring.web.json.Json> springfox.documentation.swagger2.web.Swagger2Controller.getDocumentation(java.lang.String,javax.servlet.http.HttpServletRequest)]
