17:14:18.660 [restartedMain] INFO  c.u.UUSTOPApplication - [logStarting,50] - Starting UUSTOPApplication on cyn-PC with PID 6304 (E:\svn\produce\ymgj\target\classes started by cyn in E:\svn\produce\ymgj)
17:14:18.667 [restartedMain] INFO  c.u.UUSTOPApplication - [logStartupProfileInfo,684] - The following profiles are active: test
17:14:22.084 [restartedMain] INFO  o.a.s.c.e.EhCacheManager - [getCache,158] - Cache with name 'com.uustop.framework.shiro.realm.UserRealm.authorizationCache' does not yet exist.  Creating now.
17:14:22.085 [restartedMain] INFO  o.a.s.c.e.EhCacheManager - [getCache,165] - Added EhCache named [com.uustop.framework.shiro.realm.UserRealm.authorizationCache]
17:14:23.743 [restartedMain] INFO  o.a.s.c.e.EhCacheManager - [getCache,169] - Using existing EHCache named [loginRecordCache]
17:14:24.697 [restartedMain] INFO  o.a.c.h.Http11NioProtocol - [log,180] - Initializing ProtocolHandler ["http-nio-8080"]
17:14:24.706 [restartedMain] INFO  o.a.c.c.StandardService - [log,180] - Starting service [Tomcat]
17:14:24.706 [restartedMain] INFO  o.a.c.c.StandardEngine - [log,180] - Starting Servlet Engine: Apache Tomcat/8.5.34
17:14:24.709 [localhost-startStop-1] INFO  o.a.c.c.AprLifecycleListener - [log,180] - The APR based Apache Tomcat Native library which allows optimal performance in production environments was not found on the java.library.path: [F:\jdk\jdk1.8.0_151\bin;C:\Windows\Sun\Java\bin;C:\Windows\system32;C:\Windows;C:\Windows\system32;C:\Windows;C:\Windows\System32\Wbem;C:\Windows\System32\WindowsPowerShell\v1.0\;C:\Program Files (x86)\NVIDIA Corporation\PhysX\Common;C:\Program Files\NVIDIA Corporation\NVIDIA NvDLISR;C:\Program Files\TortoiseSVN\bin;F:\apache-maven-3.3.9\bin;F:\jdk\jdk1.8.0_151\bin;F:\jdk\jdk1.8.0_151\jre\bin;F:\mysql-5.7.20-winx64\bin;.]
17:14:24.784 [localhost-startStop-1] INFO  o.a.c.c.C.[.[.[/] - [log,180] - Initializing Spring embedded WebApplicationContext
17:14:25.055 [restartedMain] INFO  c.a.d.p.DruidDataSource - [init,930] - {dataSource-1} inited
17:14:26.857 [restartedMain] INFO  s.d.s.w.PropertySourcedRequestMappingHandlerMapping - [initHandlerMethods,69] - Mapped URL path [/v2/api-docs] onto method [public org.springframework.http.ResponseEntity<springfox.documentation.spring.web.json.Json> springfox.documentation.swagger2.web.Swagger2Controller.getDocumentation(java.lang.String,javax.servlet.http.HttpServletRequest)]
17:14:28.504 [restartedMain] INFO  s.d.s.w.p.DocumentationPluginsBootstrapper - [start,147] - Context refreshed
17:14:28.520 [restartedMain] INFO  s.d.s.w.p.DocumentationPluginsBootstrapper - [start,150] - Found 1 custom documentation plugin(s)
17:14:28.669 [restartedMain] INFO  s.d.s.w.s.ApiListingReferenceScanner - [scan,41] - Scanning for api listing references
17:14:28.693 [restartedMain] INFO  o.a.c.h.Http11NioProtocol - [log,180] - Starting ProtocolHandler ["http-nio-8080"]
17:14:28.704 [restartedMain] INFO  o.a.t.u.n.NioSelectorPool - [log,180] - Using a shared selector for servlet write/read
17:14:28.722 [restartedMain] INFO  c.u.UUSTOPApplication - [logStarted,59] - Started UUSTOPApplication in 10.709 seconds (JVM running for 11.574)
17:14:28.983 [http-nio-8080-exec-1] INFO  o.a.c.c.C.[.[.[/] - [log,180] - Initializing Spring FrameworkServlet 'dispatcherServlet'
17:14:29.026 [http-nio-8080-exec-1] INFO  o.a.s.s.m.AbstractValidatingSessionManager - [enableSessionValidation,233] - Enabling session validation scheduler...
17:14:29.033 [http-nio-8080-exec-1] INFO  o.a.s.c.e.EhCacheManager - [getCache,158] - Cache with name 'shiro-activeSessionCache' does not yet exist.  Creating now.
17:14:29.041 [http-nio-8080-exec-1] INFO  o.a.s.c.e.EhCacheManager - [getCache,165] - Added EhCache named [shiro-activeSessionCache]
17:14:30.027 [pool-2-thread-1] INFO  c.u.f.s.w.s.OnlineWebSessionManager - [validateSessions,86] - invalidation sessions...
17:14:30.033 [pool-2-thread-1] INFO  c.u.f.s.w.s.OnlineWebSessionManager - [validateSessions,145] - Finished invalidation session. No sessions were stopped.
17:14:31.219 [pool-3-thread-1] INFO  sys-user - [run,108] - [127.0.0.1]内网IP[admin][Success][登录成功]
17:24:30.048 [pool-2-thread-1] INFO  c.u.f.s.w.s.OnlineWebSessionManager - [validateSessions,86] - invalidation sessions...
17:24:30.057 [pool-2-thread-1] INFO  c.u.f.s.w.s.OnlineWebSessionManager - [validateSessions,145] - Finished invalidation session. No sessions were stopped.
17:34:30.070 [pool-2-thread-1] INFO  c.u.f.s.w.s.OnlineWebSessionManager - [validateSessions,86] - invalidation sessions...
17:34:30.076 [pool-2-thread-1] INFO  c.u.f.s.w.s.OnlineWebSessionManager - [validateSessions,145] - Finished invalidation session. No sessions were stopped.
17:44:30.092 [pool-2-thread-1] INFO  c.u.f.s.w.s.OnlineWebSessionManager - [validateSessions,86] - invalidation sessions...
17:44:30.093 [pool-2-thread-1] INFO  c.u.f.s.w.s.OnlineWebSessionManager - [validateSessions,145] - Finished invalidation session. No sessions were stopped.
17:54:30.113 [pool-2-thread-1] INFO  c.u.f.s.w.s.OnlineWebSessionManager - [validateSessions,86] - invalidation sessions...
17:54:30.130 [pool-2-thread-1] INFO  c.u.f.s.w.s.OnlineWebSessionManager - [validateSessions,145] - Finished invalidation session. [1] sessions were stopped.
18:04:30.134 [pool-2-thread-1] INFO  c.u.f.s.w.s.OnlineWebSessionManager - [validateSessions,86] - invalidation sessions...
18:04:30.140 [pool-2-thread-1] INFO  c.u.f.s.w.s.OnlineWebSessionManager - [validateSessions,145] - Finished invalidation session. No sessions were stopped.
18:05:17.598 [pool-3-thread-2] INFO  sys-user - [run,108] - [127.0.0.1]内网IP[admin][Success][登录成功]
18:12:55.751 [restartedMain] INFO  c.u.UUSTOPApplication - [logStarting,50] - Starting UUSTOPApplication on cyn-PC with PID 9324 (E:\svn\produce\ymgj\target\classes started by cyn in E:\svn\produce\ymgj)
18:12:55.755 [restartedMain] INFO  c.u.UUSTOPApplication - [logStartupProfileInfo,684] - The following profiles are active: test
18:12:57.164 [restartedMain] INFO  o.a.s.c.e.EhCacheManager - [getCache,158] - Cache with name 'com.uustop.framework.shiro.realm.UserRealm.authorizationCache' does not yet exist.  Creating now.
18:12:57.165 [restartedMain] INFO  o.a.s.c.e.EhCacheManager - [getCache,165] - Added EhCache named [com.uustop.framework.shiro.realm.UserRealm.authorizationCache]
18:12:58.973 [restartedMain] INFO  o.a.s.c.e.EhCacheManager - [getCache,169] - Using existing EHCache named [loginRecordCache]
18:13:01.234 [restartedMain] INFO  o.a.c.h.Http11NioProtocol - [log,180] - Initializing ProtocolHandler ["http-nio-8080"]
18:13:01.245 [restartedMain] INFO  o.a.c.c.StandardService - [log,180] - Starting service [Tomcat]
18:13:01.246 [restartedMain] INFO  o.a.c.c.StandardEngine - [log,180] - Starting Servlet Engine: Apache Tomcat/8.5.34
18:13:01.249 [localhost-startStop-1] INFO  o.a.c.c.AprLifecycleListener - [log,180] - The APR based Apache Tomcat Native library which allows optimal performance in production environments was not found on the java.library.path: [F:\jdk\jdk1.8.0_151\bin;C:\Windows\Sun\Java\bin;C:\Windows\system32;C:\Windows;C:\Windows\system32;C:\Windows;C:\Windows\System32\Wbem;C:\Windows\System32\WindowsPowerShell\v1.0\;C:\Program Files (x86)\NVIDIA Corporation\PhysX\Common;C:\Program Files\NVIDIA Corporation\NVIDIA NvDLISR;C:\Program Files\TortoiseSVN\bin;F:\apache-maven-3.3.9\bin;F:\jdk\jdk1.8.0_151\bin;F:\jdk\jdk1.8.0_151\jre\bin;F:\mysql-5.7.20-winx64\bin;.]
18:13:01.322 [localhost-startStop-1] INFO  o.a.c.c.C.[.[.[/] - [log,180] - Initializing Spring embedded WebApplicationContext
18:13:01.636 [restartedMain] INFO  c.a.d.p.DruidDataSource - [init,930] - {dataSource-1} inited
18:13:03.816 [restartedMain] INFO  s.d.s.w.PropertySourcedRequestMappingHandlerMapping - [initHandlerMethods,69] - Mapped URL path [/v2/api-docs] onto method [public org.springframework.http.ResponseEntity<springfox.documentation.spring.web.json.Json> springfox.documentation.swagger2.web.Swagger2Controller.getDocumentation(java.lang.String,javax.servlet.http.HttpServletRequest)]
18:13:04.689 [restartedMain] INFO  s.d.s.w.p.DocumentationPluginsBootstrapper - [start,147] - Context refreshed
18:13:04.702 [restartedMain] INFO  s.d.s.w.p.DocumentationPluginsBootstrapper - [start,150] - Found 1 custom documentation plugin(s)
18:13:04.815 [restartedMain] INFO  s.d.s.w.s.ApiListingReferenceScanner - [scan,41] - Scanning for api listing references
18:13:04.837 [restartedMain] INFO  o.a.c.h.Http11NioProtocol - [log,180] - Starting ProtocolHandler ["http-nio-8080"]
18:13:04.846 [restartedMain] INFO  o.a.t.u.n.NioSelectorPool - [log,180] - Using a shared selector for servlet write/read
18:13:04.863 [restartedMain] INFO  c.u.UUSTOPApplication - [logStarted,59] - Started UUSTOPApplication in 10.089 seconds (JVM running for 11.406)
18:13:05.082 [http-nio-8080-exec-1] INFO  o.a.c.c.C.[.[.[/] - [log,180] - Initializing Spring FrameworkServlet 'dispatcherServlet'
18:13:05.108 [http-nio-8080-exec-1] INFO  o.a.s.s.m.AbstractValidatingSessionManager - [enableSessionValidation,233] - Enabling session validation scheduler...
18:13:05.110 [http-nio-8080-exec-1] INFO  o.a.s.c.e.EhCacheManager - [getCache,158] - Cache with name 'shiro-activeSessionCache' does not yet exist.  Creating now.
18:13:05.111 [http-nio-8080-exec-1] INFO  o.a.s.c.e.EhCacheManager - [getCache,165] - Added EhCache named [shiro-activeSessionCache]
18:13:06.110 [pool-1-thread-1] INFO  c.u.f.s.w.s.OnlineWebSessionManager - [validateSessions,86] - invalidation sessions...
18:13:06.115 [pool-1-thread-1] INFO  c.u.f.s.w.s.OnlineWebSessionManager - [validateSessions,145] - Finished invalidation session. No sessions were stopped.
18:13:06.975 [pool-2-thread-1] INFO  sys-user - [run,108] - [127.0.0.1]内网IP[admin][Success][登录成功]
