09:28:32.307 [restartedMain] INFO  c.u.UUSTOPApplication - [logStarting,50] - Starting UUSTOPApplication on cyn-PC with PID 7048 (E:\svn\produce\ymgj\target\classes started by cyn in E:\svn\produce\ymgj)
09:28:32.315 [restartedMain] INFO  c.u.UUSTOPApplication - [logStartupProfileInfo,684] - The following profiles are active: dev
09:28:34.212 [restartedMain] INFO  o.a.s.c.e.EhCacheManager - [getCache,158] - Cache with name 'com.uustop.framework.shiro.realm.UserRealm.authorizationCache' does not yet exist.  Creating now.
09:28:34.213 [restartedMain] INFO  o.a.s.c.e.EhCacheManager - [getCache,165] - Added EhCache named [com.uustop.framework.shiro.realm.UserRealm.authorizationCache]
09:28:36.506 [restartedMain] INFO  o.a.s.c.e.EhCacheManager - [getCache,169] - Using existing EHCache named [loginRecordCache]
09:28:38.051 [restartedMain] INFO  o.a.c.h.Http11NioProtocol - [log,180] - Initializing ProtocolHandler ["http-nio-8080"]
09:28:38.064 [restartedMain] INFO  o.a.c.c.StandardService - [log,180] - Starting service [Tomcat]
09:28:38.065 [restartedMain] INFO  o.a.c.c.StandardEngine - [log,180] - Starting Servlet Engine: Apache Tomcat/8.5.34
09:28:38.074 [localhost-startStop-1] INFO  o.a.c.c.AprLifecycleListener - [log,180] - The APR based Apache Tomcat Native library which allows optimal performance in production environments was not found on the java.library.path: [F:\jdk\jdk1.8.0_151\bin;C:\Windows\Sun\Java\bin;C:\Windows\system32;C:\Windows;C:\Windows\system32;C:\Windows;C:\Windows\System32\Wbem;C:\Windows\System32\WindowsPowerShell\v1.0\;C:\Program Files (x86)\NVIDIA Corporation\PhysX\Common;C:\Program Files\NVIDIA Corporation\NVIDIA NvDLISR;C:\Program Files\TortoiseSVN\bin;F:\apache-maven-3.3.9\bin;F:\jdk\jdk1.8.0_151\bin;F:\jdk\jdk1.8.0_151\jre\bin;F:\mysql-5.7.20-winx64\bin;.]
09:28:38.160 [localhost-startStop-1] INFO  o.a.c.c.C.[.[.[/] - [log,180] - Initializing Spring embedded WebApplicationContext
09:28:38.484 [restartedMain] INFO  c.a.d.p.DruidDataSource - [init,930] - {dataSource-1} inited
09:28:40.514 [restartedMain] INFO  s.d.s.w.PropertySourcedRequestMappingHandlerMapping - [initHandlerMethods,69] - Mapped URL path [/v2/api-docs] onto method [public org.springframework.http.ResponseEntity<springfox.documentation.spring.web.json.Json> springfox.documentation.swagger2.web.Swagger2Controller.getDocumentation(java.lang.String,javax.servlet.http.HttpServletRequest)]
09:28:42.710 [restartedMain] INFO  s.d.s.w.p.DocumentationPluginsBootstrapper - [start,147] - Context refreshed
09:28:42.735 [restartedMain] INFO  s.d.s.w.p.DocumentationPluginsBootstrapper - [start,150] - Found 1 custom documentation plugin(s)
09:28:42.855 [restartedMain] INFO  s.d.s.w.s.ApiListingReferenceScanner - [scan,41] - Scanning for api listing references
09:28:42.892 [restartedMain] INFO  o.a.c.h.Http11NioProtocol - [log,180] - Starting ProtocolHandler ["http-nio-8080"]
09:28:42.900 [restartedMain] INFO  o.a.t.u.n.NioSelectorPool - [log,180] - Using a shared selector for servlet write/read
09:28:42.920 [restartedMain] INFO  c.u.UUSTOPApplication - [logStarted,59] - Started UUSTOPApplication in 11.174 seconds (JVM running for 13.227)
09:28:44.266 [http-nio-8080-exec-1] INFO  o.a.c.c.C.[.[.[/] - [log,180] - Initializing Spring FrameworkServlet 'dispatcherServlet'
09:28:44.295 [http-nio-8080-exec-1] INFO  o.a.s.s.m.AbstractValidatingSessionManager - [enableSessionValidation,233] - Enabling session validation scheduler...
09:28:44.310 [http-nio-8080-exec-1] INFO  o.a.s.c.e.EhCacheManager - [getCache,158] - Cache with name 'shiro-activeSessionCache' does not yet exist.  Creating now.
09:28:44.311 [http-nio-8080-exec-1] INFO  o.a.s.c.e.EhCacheManager - [getCache,165] - Added EhCache named [shiro-activeSessionCache]
09:28:45.297 [pool-2-thread-1] INFO  c.u.f.s.w.s.OnlineWebSessionManager - [validateSessions,86] - invalidation sessions...
09:28:45.321 [pool-2-thread-1] INFO  c.u.f.s.w.s.OnlineWebSessionManager - [validateSessions,145] - Finished invalidation session. No sessions were stopped.
09:28:47.765 [pool-3-thread-1] INFO  sys-user - [run,108] - [127.0.0.1]内网IP[admin][Success][登录成功]
09:30:09.246 [pool-3-thread-1] INFO  sys-user - [run,108] - [127.0.0.1]内网IP[admin][Logout][退出成功]
09:30:12.373 [pool-3-thread-3] INFO  sys-user - [run,108] - [127.0.0.1]内网IP[admin][Success][登录成功]
09:38:18.414 [pool-3-thread-4] INFO  sys-user - [run,108] - [127.0.0.1]内网IP[admin][Logout][退出成功]
09:38:45.451 [pool-2-thread-1] INFO  c.u.f.s.w.s.OnlineWebSessionManager - [validateSessions,86] - invalidation sessions...
09:38:45.472 [pool-2-thread-1] INFO  c.u.f.s.w.s.OnlineWebSessionManager - [validateSessions,145] - Finished invalidation session. [1] sessions were stopped.
09:48:45.604 [pool-2-thread-1] INFO  c.u.f.s.w.s.OnlineWebSessionManager - [validateSessions,86] - invalidation sessions...
09:48:45.631 [pool-2-thread-1] INFO  c.u.f.s.w.s.OnlineWebSessionManager - [validateSessions,145] - Finished invalidation session. [1] sessions were stopped.
09:58:45.758 [pool-2-thread-1] INFO  c.u.f.s.w.s.OnlineWebSessionManager - [validateSessions,86] - invalidation sessions...
09:58:45.770 [pool-2-thread-1] INFO  c.u.f.s.w.s.OnlineWebSessionManager - [validateSessions,145] - Finished invalidation session. No sessions were stopped.
10:01:16.273 [restartedMain] INFO  c.u.UUSTOPApplication - [logStarting,50] - Starting UUSTOPApplication on cyn-PC with PID 4684 (E:\svn\produce\ymgj\target\classes started by cyn in E:\svn\produce\ymgj)
10:01:16.276 [restartedMain] INFO  c.u.UUSTOPApplication - [logStartupProfileInfo,684] - The following profiles are active: dev
10:01:17.841 [restartedMain] INFO  o.a.s.c.e.EhCacheManager - [getCache,158] - Cache with name 'com.uustop.framework.shiro.realm.UserRealm.authorizationCache' does not yet exist.  Creating now.
10:01:17.842 [restartedMain] INFO  o.a.s.c.e.EhCacheManager - [getCache,165] - Added EhCache named [com.uustop.framework.shiro.realm.UserRealm.authorizationCache]
10:01:18.949 [restartedMain] INFO  o.a.s.c.e.EhCacheManager - [getCache,169] - Using existing EHCache named [loginRecordCache]
10:01:19.711 [restartedMain] INFO  o.a.c.h.Http11NioProtocol - [log,180] - Initializing ProtocolHandler ["http-nio-8080"]
10:01:19.721 [restartedMain] INFO  o.a.c.c.StandardService - [log,180] - Starting service [Tomcat]
10:01:19.721 [restartedMain] INFO  o.a.c.c.StandardEngine - [log,180] - Starting Servlet Engine: Apache Tomcat/8.5.34
10:01:19.725 [localhost-startStop-1] INFO  o.a.c.c.AprLifecycleListener - [log,180] - The APR based Apache Tomcat Native library which allows optimal performance in production environments was not found on the java.library.path: [F:\jdk\jdk1.8.0_151\bin;C:\Windows\Sun\Java\bin;C:\Windows\system32;C:\Windows;C:\Windows\system32;C:\Windows;C:\Windows\System32\Wbem;C:\Windows\System32\WindowsPowerShell\v1.0\;C:\Program Files (x86)\NVIDIA Corporation\PhysX\Common;C:\Program Files\NVIDIA Corporation\NVIDIA NvDLISR;C:\Program Files\TortoiseSVN\bin;F:\apache-maven-3.3.9\bin;F:\jdk\jdk1.8.0_151\bin;F:\jdk\jdk1.8.0_151\jre\bin;F:\mysql-5.7.20-winx64\bin;.]
10:01:19.800 [localhost-startStop-1] INFO  o.a.c.c.C.[.[.[/] - [log,180] - Initializing Spring embedded WebApplicationContext
10:01:20.110 [restartedMain] INFO  c.a.d.p.DruidDataSource - [init,930] - {dataSource-1} inited
10:01:21.924 [restartedMain] INFO  s.d.s.w.PropertySourcedRequestMappingHandlerMapping - [initHandlerMethods,69] - Mapped URL path [/v2/api-docs] onto method [public org.springframework.http.ResponseEntity<springfox.documentation.spring.web.json.Json> springfox.documentation.swagger2.web.Swagger2Controller.getDocumentation(java.lang.String,javax.servlet.http.HttpServletRequest)]
10:01:22.800 [restartedMain] INFO  s.d.s.w.p.DocumentationPluginsBootstrapper - [start,147] - Context refreshed
10:01:22.815 [restartedMain] INFO  s.d.s.w.p.DocumentationPluginsBootstrapper - [start,150] - Found 1 custom documentation plugin(s)
10:01:22.937 [restartedMain] INFO  s.d.s.w.s.ApiListingReferenceScanner - [scan,41] - Scanning for api listing references
10:01:22.959 [restartedMain] INFO  o.a.c.h.Http11NioProtocol - [log,180] - Starting ProtocolHandler ["http-nio-8080"]
10:01:22.967 [restartedMain] INFO  o.a.t.u.n.NioSelectorPool - [log,180] - Using a shared selector for servlet write/read
10:01:22.985 [restartedMain] INFO  c.u.UUSTOPApplication - [logStarted,59] - Started UUSTOPApplication in 7.273 seconds (JVM running for 8.052)
10:01:31.034 [http-nio-8080-exec-1] INFO  o.a.c.c.C.[.[.[/] - [log,180] - Initializing Spring FrameworkServlet 'dispatcherServlet'
10:01:31.063 [http-nio-8080-exec-1] INFO  o.a.s.s.m.AbstractValidatingSessionManager - [enableSessionValidation,233] - Enabling session validation scheduler...
10:01:31.065 [http-nio-8080-exec-1] INFO  o.a.s.c.e.EhCacheManager - [getCache,158] - Cache with name 'shiro-activeSessionCache' does not yet exist.  Creating now.
10:01:31.066 [http-nio-8080-exec-1] INFO  o.a.s.c.e.EhCacheManager - [getCache,165] - Added EhCache named [shiro-activeSessionCache]
10:01:32.065 [pool-1-thread-1] INFO  c.u.f.s.w.s.OnlineWebSessionManager - [validateSessions,86] - invalidation sessions...
10:01:32.111 [pool-1-thread-1] INFO  c.u.f.s.w.s.OnlineWebSessionManager - [validateSessions,145] - Finished invalidation session. [1] sessions were stopped.
10:01:33.209 [pool-2-thread-1] INFO  sys-user - [run,108] - [127.0.0.1]内网IP[admin][Success][登录成功]
10:11:32.218 [pool-1-thread-1] INFO  c.u.f.s.w.s.OnlineWebSessionManager - [validateSessions,86] - invalidation sessions...
10:11:32.251 [pool-1-thread-1] INFO  c.u.f.s.w.s.OnlineWebSessionManager - [validateSessions,145] - Finished invalidation session. [1] sessions were stopped.
10:21:32.372 [pool-1-thread-1] INFO  c.u.f.s.w.s.OnlineWebSessionManager - [validateSessions,86] - invalidation sessions...
10:21:32.384 [pool-1-thread-1] INFO  c.u.f.s.w.s.OnlineWebSessionManager - [validateSessions,145] - Finished invalidation session. No sessions were stopped.
10:31:32.526 [pool-1-thread-1] INFO  c.u.f.s.w.s.OnlineWebSessionManager - [validateSessions,86] - invalidation sessions...
10:31:32.534 [pool-1-thread-1] INFO  c.u.f.s.w.s.OnlineWebSessionManager - [validateSessions,145] - Finished invalidation session. No sessions were stopped.
10:37:20.832 [restartedMain] INFO  c.u.UUSTOPApplication - [logStarting,50] - Starting UUSTOPApplication on cyn-PC with PID 8096 (E:\svn\produce\ymgj\target\classes started by cyn in E:\svn\produce\ymgj)
10:37:20.835 [restartedMain] INFO  c.u.UUSTOPApplication - [logStartupProfileInfo,684] - The following profiles are active: dev
10:37:22.365 [restartedMain] INFO  o.a.s.c.e.EhCacheManager - [getCache,158] - Cache with name 'com.uustop.framework.shiro.realm.UserRealm.authorizationCache' does not yet exist.  Creating now.
10:37:22.366 [restartedMain] INFO  o.a.s.c.e.EhCacheManager - [getCache,165] - Added EhCache named [com.uustop.framework.shiro.realm.UserRealm.authorizationCache]
10:37:23.302 [restartedMain] INFO  o.a.s.c.e.EhCacheManager - [getCache,169] - Using existing EHCache named [loginRecordCache]
10:37:24.062 [restartedMain] INFO  o.a.c.h.Http11NioProtocol - [log,180] - Initializing ProtocolHandler ["http-nio-8080"]
10:37:24.072 [restartedMain] INFO  o.a.c.c.StandardService - [log,180] - Starting service [Tomcat]
10:37:24.072 [restartedMain] INFO  o.a.c.c.StandardEngine - [log,180] - Starting Servlet Engine: Apache Tomcat/8.5.34
10:37:24.075 [localhost-startStop-1] INFO  o.a.c.c.AprLifecycleListener - [log,180] - The APR based Apache Tomcat Native library which allows optimal performance in production environments was not found on the java.library.path: [F:\jdk\jdk1.8.0_151\bin;C:\Windows\Sun\Java\bin;C:\Windows\system32;C:\Windows;C:\Windows\system32;C:\Windows;C:\Windows\System32\Wbem;C:\Windows\System32\WindowsPowerShell\v1.0\;C:\Program Files (x86)\NVIDIA Corporation\PhysX\Common;C:\Program Files\NVIDIA Corporation\NVIDIA NvDLISR;C:\Program Files\TortoiseSVN\bin;F:\apache-maven-3.3.9\bin;F:\jdk\jdk1.8.0_151\bin;F:\jdk\jdk1.8.0_151\jre\bin;F:\mysql-5.7.20-winx64\bin;.]
10:37:24.142 [localhost-startStop-1] INFO  o.a.c.c.C.[.[.[/] - [log,180] - Initializing Spring embedded WebApplicationContext
10:37:24.374 [restartedMain] INFO  c.a.d.p.DruidDataSource - [init,930] - {dataSource-1} inited
10:37:26.059 [restartedMain] INFO  s.d.s.w.PropertySourcedRequestMappingHandlerMapping - [initHandlerMethods,69] - Mapped URL path [/v2/api-docs] onto method [public org.springframework.http.ResponseEntity<springfox.documentation.spring.web.json.Json> springfox.documentation.swagger2.web.Swagger2Controller.getDocumentation(java.lang.String,javax.servlet.http.HttpServletRequest)]
10:37:26.911 [restartedMain] INFO  s.d.s.w.p.DocumentationPluginsBootstrapper - [start,147] - Context refreshed
10:37:26.924 [restartedMain] INFO  s.d.s.w.p.DocumentationPluginsBootstrapper - [start,150] - Found 1 custom documentation plugin(s)
10:37:27.050 [restartedMain] INFO  s.d.s.w.s.ApiListingReferenceScanner - [scan,41] - Scanning for api listing references
10:37:27.074 [restartedMain] INFO  o.a.c.h.Http11NioProtocol - [log,180] - Starting ProtocolHandler ["http-nio-8080"]
10:37:27.082 [restartedMain] INFO  o.a.t.u.n.NioSelectorPool - [log,180] - Using a shared selector for servlet write/read
10:37:27.100 [restartedMain] INFO  c.u.UUSTOPApplication - [logStarted,59] - Started UUSTOPApplication in 6.719 seconds (JVM running for 7.457)
16:37:34.658 [restartedMain] INFO  c.u.UUSTOPApplication - [logStarting,50] - Starting UUSTOPApplication on cyn-PC with PID 10220 (E:\svn\produce\ymgj\target\classes started by cyn in E:\svn\produce\ymgj)
16:37:34.661 [restartedMain] INFO  c.u.UUSTOPApplication - [logStartupProfileInfo,684] - The following profiles are active: dev
16:37:36.078 [restartedMain] INFO  o.a.s.c.e.EhCacheManager - [getCache,158] - Cache with name 'com.uustop.framework.shiro.realm.UserRealm.authorizationCache' does not yet exist.  Creating now.
16:37:36.079 [restartedMain] INFO  o.a.s.c.e.EhCacheManager - [getCache,165] - Added EhCache named [com.uustop.framework.shiro.realm.UserRealm.authorizationCache]
16:37:36.995 [restartedMain] INFO  o.a.s.c.e.EhCacheManager - [getCache,169] - Using existing EHCache named [loginRecordCache]
16:37:37.761 [restartedMain] INFO  o.a.c.h.Http11NioProtocol - [log,180] - Initializing ProtocolHandler ["http-nio-8080"]
16:37:37.769 [restartedMain] INFO  o.a.c.c.StandardService - [log,180] - Starting service [Tomcat]
16:37:37.769 [restartedMain] INFO  o.a.c.c.StandardEngine - [log,180] - Starting Servlet Engine: Apache Tomcat/8.5.34
16:37:37.772 [localhost-startStop-1] INFO  o.a.c.c.AprLifecycleListener - [log,180] - The APR based Apache Tomcat Native library which allows optimal performance in production environments was not found on the java.library.path: [F:\jdk\jdk1.8.0_151\bin;C:\Windows\Sun\Java\bin;C:\Windows\system32;C:\Windows;C:\Windows\system32;C:\Windows;C:\Windows\System32\Wbem;C:\Windows\System32\WindowsPowerShell\v1.0\;C:\Program Files (x86)\NVIDIA Corporation\PhysX\Common;C:\Program Files\NVIDIA Corporation\NVIDIA NvDLISR;C:\Program Files\TortoiseSVN\bin;F:\apache-maven-3.3.9\bin;F:\jdk\jdk1.8.0_151\bin;F:\jdk\jdk1.8.0_151\jre\bin;F:\mysql-5.7.20-winx64\bin;.]
16:37:37.843 [localhost-startStop-1] INFO  o.a.c.c.C.[.[.[/] - [log,180] - Initializing Spring embedded WebApplicationContext
16:37:38.074 [restartedMain] INFO  c.a.d.p.DruidDataSource - [init,930] - {dataSource-1} inited
16:37:39.809 [restartedMain] INFO  s.d.s.w.PropertySourcedRequestMappingHandlerMapping - [initHandlerMethods,69] - Mapped URL path [/v2/api-docs] onto method [public org.springframework.http.ResponseEntity<springfox.documentation.spring.web.json.Json> springfox.documentation.swagger2.web.Swagger2Controller.getDocumentation(java.lang.String,javax.servlet.http.HttpServletRequest)]
16:37:40.665 [restartedMain] INFO  s.d.s.w.p.DocumentationPluginsBootstrapper - [start,147] - Context refreshed
16:37:40.677 [restartedMain] INFO  s.d.s.w.p.DocumentationPluginsBootstrapper - [start,150] - Found 1 custom documentation plugin(s)
16:37:40.796 [restartedMain] INFO  s.d.s.w.s.ApiListingReferenceScanner - [scan,41] - Scanning for api listing references
16:37:40.819 [restartedMain] INFO  o.a.c.h.Http11NioProtocol - [log,180] - Starting ProtocolHandler ["http-nio-8080"]
16:37:40.829 [restartedMain] INFO  o.a.t.u.n.NioSelectorPool - [log,180] - Using a shared selector for servlet write/read
16:37:40.847 [restartedMain] INFO  c.u.UUSTOPApplication - [logStarted,59] - Started UUSTOPApplication in 6.724 seconds (JVM running for 7.447)
16:37:46.755 [http-nio-8080-exec-1] INFO  o.a.c.c.C.[.[.[/] - [log,180] - Initializing Spring FrameworkServlet 'dispatcherServlet'
16:37:46.782 [http-nio-8080-exec-1] INFO  o.a.s.s.m.AbstractValidatingSessionManager - [enableSessionValidation,233] - Enabling session validation scheduler...
16:37:46.796 [http-nio-8080-exec-1] INFO  o.a.s.c.e.EhCacheManager - [getCache,158] - Cache with name 'shiro-activeSessionCache' does not yet exist.  Creating now.
16:37:46.797 [http-nio-8080-exec-1] INFO  o.a.s.c.e.EhCacheManager - [getCache,165] - Added EhCache named [shiro-activeSessionCache]
16:37:47.784 [pool-1-thread-1] INFO  c.u.f.s.w.s.OnlineWebSessionManager - [validateSessions,86] - invalidation sessions...
16:37:47.826 [pool-1-thread-1] INFO  c.u.f.s.w.s.OnlineWebSessionManager - [validateSessions,145] - Finished invalidation session. No sessions were stopped.
16:37:48.965 [pool-2-thread-1] INFO  sys-user - [run,108] - [127.0.0.1]内网IP[admin][Success][登录成功]
16:47:47.938 [pool-1-thread-1] INFO  c.u.f.s.w.s.OnlineWebSessionManager - [validateSessions,86] - invalidation sessions...
16:47:47.952 [pool-1-thread-1] INFO  c.u.f.s.w.s.OnlineWebSessionManager - [validateSessions,145] - Finished invalidation session. No sessions were stopped.
16:57:48.092 [pool-1-thread-1] INFO  c.u.f.s.w.s.OnlineWebSessionManager - [validateSessions,86] - invalidation sessions...
16:57:48.107 [pool-1-thread-1] INFO  c.u.f.s.w.s.OnlineWebSessionManager - [validateSessions,145] - Finished invalidation session. No sessions were stopped.
17:07:48.245 [pool-1-thread-1] INFO  c.u.f.s.w.s.OnlineWebSessionManager - [validateSessions,86] - invalidation sessions...
17:07:48.257 [pool-1-thread-1] INFO  c.u.f.s.w.s.OnlineWebSessionManager - [validateSessions,145] - Finished invalidation session. No sessions were stopped.
17:17:48.399 [pool-1-thread-1] INFO  c.u.f.s.w.s.OnlineWebSessionManager - [validateSessions,86] - invalidation sessions...
17:17:48.412 [pool-1-thread-1] INFO  c.u.f.s.w.s.OnlineWebSessionManager - [validateSessions,145] - Finished invalidation session. No sessions were stopped.
17:27:48.553 [pool-1-thread-1] INFO  c.u.f.s.w.s.OnlineWebSessionManager - [validateSessions,86] - invalidation sessions...
17:27:48.565 [pool-1-thread-1] INFO  c.u.f.s.w.s.OnlineWebSessionManager - [validateSessions,145] - Finished invalidation session. No sessions were stopped.
17:37:48.707 [pool-1-thread-1] INFO  c.u.f.s.w.s.OnlineWebSessionManager - [validateSessions,86] - invalidation sessions...
17:37:48.721 [pool-1-thread-1] INFO  c.u.f.s.w.s.OnlineWebSessionManager - [validateSessions,145] - Finished invalidation session. No sessions were stopped.
17:47:48.861 [pool-1-thread-1] INFO  c.u.f.s.w.s.OnlineWebSessionManager - [validateSessions,86] - invalidation sessions...
17:47:48.876 [pool-1-thread-1] INFO  c.u.f.s.w.s.OnlineWebSessionManager - [validateSessions,145] - Finished invalidation session. No sessions were stopped.
17:57:49.015 [pool-1-thread-1] INFO  c.u.f.s.w.s.OnlineWebSessionManager - [validateSessions,86] - invalidation sessions...
17:57:49.029 [pool-1-thread-1] INFO  c.u.f.s.w.s.OnlineWebSessionManager - [validateSessions,145] - Finished invalidation session. No sessions were stopped.
18:07:49.169 [pool-1-thread-1] INFO  c.u.f.s.w.s.OnlineWebSessionManager - [validateSessions,86] - invalidation sessions...
18:07:49.182 [pool-1-thread-1] INFO  c.u.f.s.w.s.OnlineWebSessionManager - [validateSessions,145] - Finished invalidation session. No sessions were stopped.
18:17:49.322 [pool-1-thread-1] INFO  c.u.f.s.w.s.OnlineWebSessionManager - [validateSessions,86] - invalidation sessions...
18:17:49.333 [pool-1-thread-1] INFO  c.u.f.s.w.s.OnlineWebSessionManager - [validateSessions,145] - Finished invalidation session. No sessions were stopped.
18:27:49.476 [pool-1-thread-1] INFO  c.u.f.s.w.s.OnlineWebSessionManager - [validateSessions,86] - invalidation sessions...
18:27:49.490 [pool-1-thread-1] INFO  c.u.f.s.w.s.OnlineWebSessionManager - [validateSessions,145] - Finished invalidation session. No sessions were stopped.
18:37:49.630 [pool-1-thread-1] INFO  c.u.f.s.w.s.OnlineWebSessionManager - [validateSessions,86] - invalidation sessions...
18:37:49.642 [pool-1-thread-1] INFO  c.u.f.s.w.s.OnlineWebSessionManager - [validateSessions,145] - Finished invalidation session. No sessions were stopped.
18:47:49.784 [pool-1-thread-1] INFO  c.u.f.s.w.s.OnlineWebSessionManager - [validateSessions,86] - invalidation sessions...
18:47:49.801 [pool-1-thread-1] INFO  c.u.f.s.w.s.OnlineWebSessionManager - [validateSessions,145] - Finished invalidation session. No sessions were stopped.
18:57:49.938 [pool-1-thread-1] INFO  c.u.f.s.w.s.OnlineWebSessionManager - [validateSessions,86] - invalidation sessions...
18:57:49.957 [pool-1-thread-1] INFO  c.u.f.s.w.s.OnlineWebSessionManager - [validateSessions,145] - Finished invalidation session. [1] sessions were stopped.
19:07:50.092 [pool-1-thread-1] INFO  c.u.f.s.w.s.OnlineWebSessionManager - [validateSessions,86] - invalidation sessions...
19:07:50.111 [pool-1-thread-1] INFO  c.u.f.s.w.s.OnlineWebSessionManager - [validateSessions,145] - Finished invalidation session. No sessions were stopped.
19:17:50.245 [pool-1-thread-1] INFO  c.u.f.s.w.s.OnlineWebSessionManager - [validateSessions,86] - invalidation sessions...
19:17:50.260 [pool-1-thread-1] INFO  c.u.f.s.w.s.OnlineWebSessionManager - [validateSessions,145] - Finished invalidation session. No sessions were stopped.
19:27:50.399 [pool-1-thread-1] INFO  c.u.f.s.w.s.OnlineWebSessionManager - [validateSessions,86] - invalidation sessions...
19:27:50.413 [pool-1-thread-1] INFO  c.u.f.s.w.s.OnlineWebSessionManager - [validateSessions,145] - Finished invalidation session. No sessions were stopped.
